{"C:\\Users\\IRSHAD CH\\Ashif\\Projects\\ledgerflow-api\\env.ts": {"path":"C:\\Users\\IRSHAD CH\\Ashif\\Projects\\ledgerflow-api\\env.ts","statementMap":{"0":{"start":{"line":4,"column":0},"end":{"line":4,"column":null}},"1":{"start":{"line":6,"column":23},"end":{"line":6,"column":null}},"2":{"start":{"line":7,"column":18},"end":{"line":7,"column":null}},"3":{"start":{"line":8,"column":21},"end":{"line":8,"column":null}},"4":{"start":{"line":10,"column":0},"end":{"line":14,"column":null}},"5":{"start":{"line":11,"column":2},"end":{"line":11,"column":null}},"6":{"start":{"line":12,"column":7},"end":{"line":14,"column":null}},"7":{"start":{"line":13,"column":2},"end":{"line":13,"column":null}},"8":{"start":{"line":16,"column":18},"end":{"line":28,"column":null}},"9":{"start":{"line":34,"column":0},"end":{"line":46,"column":null}},"10":{"start":{"line":35,"column":2},"end":{"line":35,"column":null}},"11":{"start":{"line":37,"column":2},"end":{"line":43,"column":null}},"12":{"start":{"line":38,"column":4},"end":{"line":38,"column":null}},"13":{"start":{"line":39,"column":4},"end":{"line":41,"column":null}},"14":{"start":{"line":40,"column":6},"end":{"line":40,"column":null}},"15":{"start":{"line":42,"column":4},"end":{"line":42,"column":null}},"16":{"start":{"line":45,"column":2},"end":{"line":45,"column":null}},"17":{"start":{"line":48,"column":13},"end":{"line":48,"column":null}},"18":{"start":{"line":48,"column":27},"end":{"line":48,"column":null}},"19":{"start":{"line":49,"column":13},"end":{"line":49,"column":null}},"20":{"start":{"line":49,"column":28},"end":{"line":49,"column":null}},"21":{"start":{"line":50,"column":13},"end":{"line":50,"column":null}},"22":{"start":{"line":50,"column":28},"end":{"line":50,"column":null}}},"fnMap":{"0":{"name":"(anonymous_0)","decl":{"start":{"line":39,"column":13},"end":{"line":39,"column":22}},"loc":{"start":{"line":39,"column":30},"end":{"line":41,"column":5}},"line":39},"1":{"name":"(anonymous_1)","decl":{"start":{"line":48,"column":13},"end":{"line":48,"column":27}},"loc":{"start":{"line":48,"column":27},"end":{"line":48,"column":null}},"line":48},"2":{"name":"(anonymous_2)","decl":{"start":{"line":49,"column":13},"end":{"line":49,"column":28}},"loc":{"start":{"line":49,"column":28},"end":{"line":49,"column":null}},"line":49},"3":{"name":"(anonymous_3)","decl":{"start":{"line":50,"column":13},"end":{"line":50,"column":28}},"loc":{"start":{"line":50,"column":28},"end":{"line":50,"column":null}},"line":50}},"branchMap":{"0":{"loc":{"start":{"line":4,"column":24},"end":{"line":4,"column":null}},"type":"binary-expr","locations":[{"start":{"line":4,"column":24},"end":{"line":4,"column":49}},{"start":{"line":4,"column":49},"end":{"line":4,"column":null}}],"line":4},"1":{"loc":{"start":{"line":10,"column":0},"end":{"line":14,"column":null}},"type":"if","locations":[{"start":{"line":10,"column":0},"end":{"line":14,"column":null}},{"start":{"line":12,"column":7},"end":{"line":14,"column":null}}],"line":10},"2":{"loc":{"start":{"line":12,"column":7},"end":{"line":14,"column":null}},"type":"if","locations":[{"start":{"line":12,"column":7},"end":{"line":14,"column":null}},{"start":{},"end":{}}],"line":12},"3":{"loc":{"start":{"line":37,"column":2},"end":{"line":43,"column":null}},"type":"if","locations":[{"start":{"line":37,"column":2},"end":{"line":43,"column":null}},{"start":{},"end":{}}],"line":37}},"s":{"0":1,"1":1,"2":1,"3":1,"4":1,"5":1,"6":0,"7":0,"8":1,"9":1,"10":1,"11":0,"12":0,"13":0,"14":0,"15":0,"16":0,"17":1,"18":0,"19":1,"20":0,"21":1,"22":1},"f":{"0":0,"1":0,"2":0,"3":1},"b":{"0":[1,0],"1":[1,0],"2":[0,0],"3":[0,0]},"meta":{"lastBranch":4,"lastFunction":4,"lastStatement":23,"seen":{"s:4:0:4:Infinity":0,"b:4:24:4:49:4:49:4:Infinity":0,"s:6:23:6:Infinity":1,"s:7:18:7:Infinity":2,"s:8:21:8:Infinity":3,"b:10:0:14:Infinity:12:7:14:Infinity":1,"s:10:0:14:Infinity":4,"s:11:2:11:Infinity":5,"b:12:7:14:Infinity:undefined:undefined:undefined:undefined":2,"s:12:7:14:Infinity":6,"s:13:2:13:Infinity":7,"s:16:18:28:Infinity":8,"s:34:0:46:Infinity":9,"s:35:2:35:Infinity":10,"b:37:2:43:Infinity:undefined:undefined:undefined:undefined":3,"s:37:2:43:Infinity":11,"s:38:4:38:Infinity":12,"s:39:4:41:Infinity":13,"f:39:13:39:22":0,"s:40:6:40:Infinity":14,"s:42:4:42:Infinity":15,"s:45:2:45:Infinity":16,"s:48:13:48:Infinity":17,"f:48:13:48:27":1,"s:48:27:48:Infinity":18,"s:49:13:49:Infinity":19,"f:49:13:49:28":2,"s:49:28:49:Infinity":20,"s:50:13:50:Infinity":21,"f:50:13:50:28":3,"s:50:28:50:Infinity":22}}}
,"C:\\Users\\IRSHAD CH\\Ashif\\Projects\\ledgerflow-api\\src\\server.ts": {"path":"C:\\Users\\IRSHAD CH\\Ashif\\Projects\\ledgerflow-api\\src\\server.ts","statementMap":{"0":{"start":{"line":16,"column":6},"end":{"line":16,"column":null}},"1":{"start":{"line":18,"column":6},"end":{"line":18,"column":null}},"2":{"start":{"line":21,"column":0},"end":{"line":21,"column":null}},"3":{"start":{"line":22,"column":0},"end":{"line":22,"column":null}},"4":{"start":{"line":23,"column":0},"end":{"line":23,"column":null}},"5":{"start":{"line":24,"column":0},"end":{"line":43,"column":null}},"6":{"start":{"line":35,"column":6},"end":{"line":40,"column":null}},"7":{"start":{"line":46,"column":0},"end":{"line":50,"column":null}},"8":{"start":{"line":47,"column":2},"end":{"line":49,"column":null}},"9":{"start":{"line":53,"column":0},"end":{"line":53,"column":null}},"10":{"start":{"line":54,"column":0},"end":{"line":54,"column":null}},"11":{"start":{"line":55,"column":0},"end":{"line":55,"column":null}},"12":{"start":{"line":56,"column":0},"end":{"line":56,"column":null}},"13":{"start":{"line":57,"column":0},"end":{"line":57,"column":null}},"14":{"start":{"line":60,"column":0},"end":{"line":60,"column":null}}},"fnMap":{"0":{"name":"cookie","decl":{"start":{"line":34,"column":4},"end":{"line":34,"column":12}},"loc":{"start":{"line":34,"column":27},"end":{"line":41,"column":null}},"line":34},"1":{"name":"(anonymous_1)","decl":{"start":{"line":46,"column":8},"end":{"line":46,"column":20}},"loc":{"start":{"line":46,"column":33},"end":{"line":50,"column":1}},"line":46}},"branchMap":{},"s":{"0":1,"1":1,"2":1,"3":1,"4":1,"5":1,"6":94,"7":1,"8":0,"9":1,"10":1,"11":1,"12":1,"13":1,"14":1},"f":{"0":1,"1":0},"b":{},"meta":{"lastBranch":0,"lastFunction":2,"lastStatement":15,"seen":{"s:16:6:16:Infinity":0,"s:18:6:18:Infinity":1,"s:21:0:21:Infinity":2,"s:22:0:22:Infinity":3,"s:23:0:23:Infinity":4,"s:24:0:43:Infinity":5,"f:34:4:34:12":0,"s:35:6:40:Infinity":6,"s:46:0:50:Infinity":7,"f:46:8:46:20":1,"s:47:2:49:Infinity":8,"s:53:0:53:Infinity":9,"s:54:0:54:Infinity":10,"s:55:0:55:Infinity":11,"s:56:0:56:Infinity":12,"s:57:0:57:Infinity":13,"s:60:0:60:Infinity":14}}}
,"C:\\Users\\IRSHAD CH\\Ashif\\Projects\\ledgerflow-api\\src\\db\\connection.ts": {"path":"C:\\Users\\IRSHAD CH\\Ashif\\Projects\\ledgerflow-api\\src\\db\\connection.ts","statementMap":{"0":{"start":{"line":8,"column":6},"end":{"line":10,"column":null}},"1":{"start":{"line":9,"column":2},"end":{"line":9,"column":null}},"2":{"start":{"line":13,"column":0},"end":{"line":17,"column":null}},"3":{"start":{"line":14,"column":2},"end":{"line":14,"column":null}},"4":{"start":{"line":16,"column":2},"end":{"line":16,"column":null}},"5":{"start":{"line":16,"column":36},"end":{"line":16,"column":48}},"6":{"start":{"line":19,"column":13},"end":{"line":19,"column":null}}},"fnMap":{"0":{"name":"(anonymous_0)","decl":{"start":{"line":8,"column":6},"end":{"line":8,"column":25}},"loc":{"start":{"line":8,"column":25},"end":{"line":10,"column":null}},"line":8},"1":{"name":"(anonymous_1)","decl":{"start":{"line":16,"column":20},"end":{"line":16,"column":36}},"loc":{"start":{"line":16,"column":36},"end":{"line":16,"column":48}},"line":16}},"branchMap":{"0":{"loc":{"start":{"line":13,"column":0},"end":{"line":17,"column":null}},"type":"if","locations":[{"start":{"line":13,"column":0},"end":{"line":17,"column":null}},{"start":{"line":15,"column":7},"end":{"line":17,"column":null}}],"line":13}},"s":{"0":1,"1":1,"2":1,"3":0,"4":1,"5":1,"6":1},"f":{"0":1,"1":1},"b":{"0":[0,1]},"meta":{"lastBranch":1,"lastFunction":2,"lastStatement":7,"seen":{"s:8:6:10:Infinity":0,"f:8:6:8:25":0,"s:9:2:9:Infinity":1,"b:13:0:17:Infinity:15:7:17:Infinity":0,"s:13:0:17:Infinity":2,"s:14:2:14:Infinity":3,"s:16:2:16:Infinity":4,"f:16:20:16:36":1,"s:16:36:16:48":5,"s:19:13:19:Infinity":6}}}
,"C:\\Users\\IRSHAD CH\\Ashif\\Projects\\ledgerflow-api\\src\\db\\schema.ts": {"path":"C:\\Users\\IRSHAD CH\\Ashif\\Projects\\ledgerflow-api\\src\\db\\schema.ts","statementMap":{"0":{"start":{"line":15,"column":19},"end":{"line":21,"column":null}},"1":{"start":{"line":19,"column":23},"end":{"line":19,"column":33}},"2":{"start":{"line":23,"column":13},"end":{"line":30,"column":null}},"3":{"start":{"line":32,"column":13},"end":{"line":32,"column":null}},"4":{"start":{"line":36,"column":13},"end":{"line":55,"column":null}},"5":{"start":{"line":42,"column":24},"end":{"line":42,"column":34}},"6":{"start":{"line":50,"column":13},"end":{"line":54,"column":null}},"7":{"start":{"line":57,"column":13},"end":{"line":60,"column":null}},"8":{"start":{"line":65,"column":13},"end":{"line":90,"column":null}},"9":{"start":{"line":70,"column":24},"end":{"line":70,"column":37}},"10":{"start":{"line":81,"column":13},"end":{"line":89,"column":null}},"11":{"start":{"line":92,"column":13},"end":{"line":106,"column":null}},"12":{"start":{"line":98,"column":24},"end":{"line":98,"column":34}},"13":{"start":{"line":102,"column":13},"end":{"line":105,"column":null}},"14":{"start":{"line":108,"column":13},"end":{"line":128,"column":null}},"15":{"start":{"line":113,"column":24},"end":{"line":113,"column":48}},"16":{"start":{"line":116,"column":24},"end":{"line":116,"column":33}},"17":{"start":{"line":120,"column":13},"end":{"line":127,"column":null}},"18":{"start":{"line":130,"column":13},"end":{"line":133,"column":null}},"19":{"start":{"line":130,"column":61},"end":{"line":133,"column":2}},"20":{"start":{"line":135,"column":13},"end":{"line":138,"column":null}},"21":{"start":{"line":135,"column":72},"end":{"line":138,"column":2}},"22":{"start":{"line":140,"column":13},"end":{"line":149,"column":null}},"23":{"start":{"line":142,"column":22},"end":{"line":148,"column":null}},"24":{"start":{"line":151,"column":13},"end":{"line":153,"column":null}},"25":{"start":{"line":151,"column":58},"end":{"line":153,"column":2}},"26":{"start":{"line":155,"column":13},"end":{"line":164,"column":null}},"27":{"start":{"line":157,"column":16},"end":{"line":163,"column":null}}},"fnMap":{"0":{"name":"(anonymous_0)","decl":{"start":{"line":19,"column":5},"end":{"line":19,"column":23}},"loc":{"start":{"line":19,"column":23},"end":{"line":19,"column":33}},"line":19},"1":{"name":"(anonymous_1)","decl":{"start":{"line":42,"column":7},"end":{"line":42,"column":24}},"loc":{"start":{"line":42,"column":24},"end":{"line":42,"column":34}},"line":42},"2":{"name":"(anonymous_2)","decl":{"start":{"line":49,"column":2},"end":{"line":49,"column":null}},"loc":{"start":{"line":50,"column":13},"end":{"line":54,"column":null}},"line":50},"3":{"name":"(anonymous_3)","decl":{"start":{"line":70,"column":7},"end":{"line":70,"column":24}},"loc":{"start":{"line":70,"column":24},"end":{"line":70,"column":37}},"line":70},"4":{"name":"(anonymous_4)","decl":{"start":{"line":80,"column":2},"end":{"line":80,"column":null}},"loc":{"start":{"line":81,"column":13},"end":{"line":89,"column":null}},"line":81},"5":{"name":"(anonymous_5)","decl":{"start":{"line":98,"column":7},"end":{"line":98,"column":24}},"loc":{"start":{"line":98,"column":24},"end":{"line":98,"column":34}},"line":98},"6":{"name":"(anonymous_6)","decl":{"start":{"line":101,"column":2},"end":{"line":101,"column":null}},"loc":{"start":{"line":102,"column":13},"end":{"line":105,"column":null}},"line":102},"7":{"name":"(anonymous_7)","decl":{"start":{"line":113,"column":7},"end":{"line":113,"column":24}},"loc":{"start":{"line":113,"column":24},"end":{"line":113,"column":48}},"line":113},"8":{"name":"(anonymous_8)","decl":{"start":{"line":116,"column":7},"end":{"line":116,"column":24}},"loc":{"start":{"line":116,"column":24},"end":{"line":116,"column":33}},"line":116},"9":{"name":"(anonymous_9)","decl":{"start":{"line":119,"column":2},"end":{"line":119,"column":null}},"loc":{"start":{"line":120,"column":13},"end":{"line":127,"column":null}},"line":120},"10":{"name":"(anonymous_10)","decl":{"start":{"line":130,"column":39},"end":{"line":130,"column":47}},"loc":{"start":{"line":130,"column":61},"end":{"line":133,"column":2}},"line":130},"11":{"name":"(anonymous_11)","decl":{"start":{"line":135,"column":42},"end":{"line":135,"column":53}},"loc":{"start":{"line":135,"column":72},"end":{"line":138,"column":2}},"line":135},"12":{"name":"(anonymous_12)","decl":{"start":{"line":141,"column":2},"end":{"line":141,"column":null}},"loc":{"start":{"line":142,"column":22},"end":{"line":148,"column":null}},"line":142},"13":{"name":"(anonymous_13)","decl":{"start":{"line":151,"column":38},"end":{"line":151,"column":45}},"loc":{"start":{"line":151,"column":58},"end":{"line":153,"column":2}},"line":151},"14":{"name":"(anonymous_14)","decl":{"start":{"line":156,"column":2},"end":{"line":156,"column":null}},"loc":{"start":{"line":157,"column":16},"end":{"line":163,"column":null}},"line":157}},"branchMap":{},"s":{"0":1,"1":21,"2":1,"3":1,"4":1,"5":0,"6":1,"7":1,"8":1,"9":0,"10":1,"11":1,"12":0,"13":1,"14":1,"15":0,"16":0,"17":1,"18":1,"19":1,"20":1,"21":1,"22":1,"23":1,"24":1,"25":1,"26":1,"27":1},"f":{"0":21,"1":0,"2":1,"3":0,"4":1,"5":0,"6":1,"7":0,"8":0,"9":1,"10":1,"11":1,"12":1,"13":1,"14":1},"b":{},"meta":{"lastBranch":0,"lastFunction":15,"lastStatement":28,"seen":{"s:15:19:21:Infinity":0,"f:19:5:19:23":0,"s:19:23:19:33":1,"s:23:13:30:Infinity":2,"s:32:13:32:Infinity":3,"s:36:13:55:Infinity":4,"f:42:7:42:24":1,"s:42:24:42:34":5,"f:49:2:49:Infinity":2,"s:50:13:54:Infinity":6,"s:57:13:60:Infinity":7,"s:65:13:90:Infinity":8,"f:70:7:70:24":3,"s:70:24:70:37":9,"f:80:2:80:Infinity":4,"s:81:13:89:Infinity":10,"s:92:13:106:Infinity":11,"f:98:7:98:24":5,"s:98:24:98:34":12,"f:101:2:101:Infinity":6,"s:102:13:105:Infinity":13,"s:108:13:128:Infinity":14,"f:113:7:113:24":7,"s:113:24:113:48":15,"f:116:7:116:24":8,"s:116:24:116:33":16,"f:119:2:119:Infinity":9,"s:120:13:127:Infinity":17,"s:130:13:133:Infinity":18,"f:130:39:130:47":10,"s:130:61:133:2":19,"s:135:13:138:Infinity":20,"f:135:42:135:53":11,"s:135:72:138:2":21,"s:140:13:149:Infinity":22,"f:141:2:141:Infinity":12,"s:142:22:148:Infinity":23,"s:151:13:153:Infinity":24,"f:151:38:151:45":13,"s:151:58:153:2":25,"s:155:13:164:Infinity":26,"f:156:2:156:Infinity":14,"s:157:16:163:Infinity":27}}}
,"C:\\Users\\IRSHAD CH\\Ashif\\Projects\\ledgerflow-api\\src\\middlewares\\accountOwner.ts": {"path":"C:\\Users\\IRSHAD CH\\Ashif\\Projects\\ledgerflow-api\\src\\middlewares\\accountOwner.ts","statementMap":{"0":{"start":{"line":7,"column":21},"end":{"line":38,"column":null}},"1":{"start":{"line":12,"column":2},"end":{"line":37,"column":null}},"2":{"start":{"line":13,"column":19},"end":{"line":13,"column":null}},"3":{"start":{"line":15,"column":22},"end":{"line":18,"column":null}},"4":{"start":{"line":20,"column":6},"end":{"line":20,"column":null}},"5":{"start":{"line":22,"column":4},"end":{"line":26,"column":null}},"6":{"start":{"line":23,"column":6},"end":{"line":25,"column":null}},"7":{"start":{"line":28,"column":4},"end":{"line":32,"column":null}},"8":{"start":{"line":29,"column":6},"end":{"line":31,"column":null}},"9":{"start":{"line":34,"column":4},"end":{"line":34,"column":null}},"10":{"start":{"line":36,"column":4},"end":{"line":36,"column":null}}},"fnMap":{"0":{"name":"(anonymous_0)","decl":{"start":{"line":7,"column":21},"end":{"line":7,"column":null}},"loc":{"start":{"line":11,"column":5},"end":{"line":38,"column":null}},"line":11}},"branchMap":{"0":{"loc":{"start":{"line":22,"column":4},"end":{"line":26,"column":null}},"type":"if","locations":[{"start":{"line":22,"column":4},"end":{"line":26,"column":null}},{"start":{},"end":{}}],"line":22},"1":{"loc":{"start":{"line":28,"column":4},"end":{"line":32,"column":null}},"type":"if","locations":[{"start":{"line":28,"column":4},"end":{"line":32,"column":null}},{"start":{},"end":{}}],"line":28}},"s":{"0":1,"1":18,"2":18,"3":18,"4":18,"5":18,"6":0,"7":18,"8":0,"9":18,"10":0},"f":{"0":18},"b":{"0":[0,18],"1":[0,18]},"meta":{"lastBranch":2,"lastFunction":1,"lastStatement":11,"seen":{"s:7:21:38:Infinity":0,"f:7:21:7:Infinity":0,"s:12:2:37:Infinity":1,"s:13:19:13:Infinity":2,"s:15:22:18:Infinity":3,"s:20:6:20:Infinity":4,"b:22:4:26:Infinity:undefined:undefined:undefined:undefined":0,"s:22:4:26:Infinity":5,"s:23:6:25:Infinity":6,"b:28:4:32:Infinity:undefined:undefined:undefined:undefined":1,"s:28:4:32:Infinity":7,"s:29:6:31:Infinity":8,"s:34:4:34:Infinity":9,"s:36:4:36:Infinity":10}}}
,"C:\\Users\\IRSHAD CH\\Ashif\\Projects\\ledgerflow-api\\src\\middlewares\\authenticate.ts": {"path":"C:\\Users\\IRSHAD CH\\Ashif\\Projects\\ledgerflow-api\\src\\middlewares\\authenticate.ts","statementMap":{"0":{"start":{"line":3,"column":21},"end":{"line":19,"column":null}},"1":{"start":{"line":8,"column":2},"end":{"line":18,"column":null}},"2":{"start":{"line":9,"column":4},"end":{"line":13,"column":null}},"3":{"start":{"line":10,"column":6},"end":{"line":12,"column":null}},"4":{"start":{"line":15,"column":4},"end":{"line":15,"column":null}},"5":{"start":{"line":17,"column":4},"end":{"line":17,"column":null}}},"fnMap":{"0":{"name":"(anonymous_0)","decl":{"start":{"line":3,"column":21},"end":{"line":3,"column":null}},"loc":{"start":{"line":7,"column":5},"end":{"line":19,"column":null}},"line":7}},"branchMap":{"0":{"loc":{"start":{"line":9,"column":4},"end":{"line":13,"column":null}},"type":"if","locations":[{"start":{"line":9,"column":4},"end":{"line":13,"column":null}},{"start":{},"end":{}}],"line":9}},"s":{"0":1,"1":59,"2":59,"3":1,"4":58,"5":0},"f":{"0":59},"b":{"0":[1,58]},"meta":{"lastBranch":1,"lastFunction":1,"lastStatement":6,"seen":{"s:3:21:19:Infinity":0,"f:3:21:3:Infinity":0,"s:8:2:18:Infinity":1,"b:9:4:13:Infinity:undefined:undefined:undefined:undefined":0,"s:9:4:13:Infinity":2,"s:10:6:12:Infinity":3,"s:15:4:15:Infinity":4,"s:17:4:17:Infinity":5}}}
,"C:\\Users\\IRSHAD CH\\Ashif\\Projects\\ledgerflow-api\\src\\middlewares\\errorHandler.ts": {"path":"C:\\Users\\IRSHAD CH\\Ashif\\Projects\\ledgerflow-api\\src\\middlewares\\errorHandler.ts","statementMap":{"0":{"start":{"line":6,"column":13},"end":{"line":133,"column":null}},"1":{"start":{"line":12,"column":2},"end":{"line":132,"column":null}},"2":{"start":{"line":13,"column":4},"end":{"line":105,"column":null}},"3":{"start":{"line":18,"column":6},"end":{"line":81,"column":null}},"4":{"start":{"line":20,"column":8},"end":{"line":28,"column":null}},"5":{"start":{"line":24,"column":10},"end":{"line":27,"column":null}},"6":{"start":{"line":31,"column":8},"end":{"line":41,"column":null}},"7":{"start":{"line":32,"column":10},"end":{"line":40,"column":null}},"8":{"start":{"line":44,"column":8},"end":{"line":54,"column":null}},"9":{"start":{"line":45,"column":10},"end":{"line":53,"column":null}},"10":{"start":{"line":57,"column":8},"end":{"line":67,"column":null}},"11":{"start":{"line":58,"column":10},"end":{"line":66,"column":null}},"12":{"start":{"line":70,"column":8},"end":{"line":80,"column":null}},"13":{"start":{"line":71,"column":10},"end":{"line":79,"column":null}},"14":{"start":{"line":84,"column":6},"end":{"line":104,"column":null}},"15":{"start":{"line":86,"column":8},"end":{"line":90,"column":null}},"16":{"start":{"line":87,"column":10},"end":{"line":89,"column":null}},"17":{"start":{"line":93,"column":8},"end":{"line":103,"column":null}},"18":{"start":{"line":94,"column":10},"end":{"line":102,"column":null}},"19":{"start":{"line":107,"column":17},"end":{"line":107,"column":null}},"20":{"start":{"line":108,"column":18},"end":{"line":108,"column":null}},"21":{"start":{"line":109,"column":16},"end":{"line":109,"column":null}},"22":{"start":{"line":111,"column":4},"end":{"line":114,"column":null}},"23":{"start":{"line":112,"column":6},"end":{"line":112,"column":null}},"24":{"start":{"line":113,"column":6},"end":{"line":113,"column":null}},"25":{"start":{"line":116,"column":4},"end":{"line":116,"column":null}},"26":{"start":{"line":118,"column":4},"end":{"line":123,"column":null}},"27":{"start":{"line":125,"column":4},"end":{"line":125,"column":null}},"28":{"start":{"line":126,"column":4},"end":{"line":131,"column":null}}},"fnMap":{"0":{"name":"(anonymous_0)","decl":{"start":{"line":6,"column":13},"end":{"line":6,"column":null}},"loc":{"start":{"line":11,"column":5},"end":{"line":133,"column":null}},"line":11}},"branchMap":{"0":{"loc":{"start":{"line":13,"column":4},"end":{"line":105,"column":null}},"type":"if","locations":[{"start":{"line":13,"column":4},"end":{"line":105,"column":null}},{"start":{},"end":{}}],"line":13},"1":{"loc":{"start":{"line":14,"column":6},"end":{"line":15,"column":null}},"type":"binary-expr","locations":[{"start":{"line":14,"column":6},"end":{"line":14,"column":null}},{"start":{"line":15,"column":6},"end":{"line":15,"column":null}}],"line":14},"2":{"loc":{"start":{"line":18,"column":6},"end":{"line":81,"column":null}},"type":"if","locations":[{"start":{"line":18,"column":6},"end":{"line":81,"column":null}},{"start":{},"end":{}}],"line":18},"3":{"loc":{"start":{"line":20,"column":8},"end":{"line":28,"column":null}},"type":"if","locations":[{"start":{"line":20,"column":8},"end":{"line":28,"column":null}},{"start":{},"end":{}}],"line":20},"4":{"loc":{"start":{"line":31,"column":8},"end":{"line":41,"column":null}},"type":"if","locations":[{"start":{"line":31,"column":8},"end":{"line":41,"column":null}},{"start":{},"end":{}}],"line":31},"5":{"loc":{"start":{"line":44,"column":8},"end":{"line":54,"column":null}},"type":"if","locations":[{"start":{"line":44,"column":8},"end":{"line":54,"column":null}},{"start":{},"end":{}}],"line":44},"6":{"loc":{"start":{"line":57,"column":8},"end":{"line":67,"column":null}},"type":"if","locations":[{"start":{"line":57,"column":8},"end":{"line":67,"column":null}},{"start":{},"end":{}}],"line":57},"7":{"loc":{"start":{"line":70,"column":8},"end":{"line":80,"column":null}},"type":"if","locations":[{"start":{"line":70,"column":8},"end":{"line":80,"column":null}},{"start":{},"end":{}}],"line":70},"8":{"loc":{"start":{"line":84,"column":6},"end":{"line":104,"column":null}},"type":"if","locations":[{"start":{"line":84,"column":6},"end":{"line":104,"column":null}},{"start":{},"end":{}}],"line":84},"9":{"loc":{"start":{"line":86,"column":8},"end":{"line":90,"column":null}},"type":"if","locations":[{"start":{"line":86,"column":8},"end":{"line":90,"column":null}},{"start":{},"end":{}}],"line":86},"10":{"loc":{"start":{"line":93,"column":8},"end":{"line":103,"column":null}},"type":"if","locations":[{"start":{"line":93,"column":8},"end":{"line":103,"column":null}},{"start":{},"end":{}}],"line":93},"11":{"loc":{"start":{"line":111,"column":4},"end":{"line":114,"column":null}},"type":"if","locations":[{"start":{"line":111,"column":4},"end":{"line":114,"column":null}},{"start":{},"end":{}}],"line":111},"12":{"loc":{"start":{"line":113,"column":14},"end":{"line":113,"column":null}},"type":"binary-expr","locations":[{"start":{"line":113,"column":14},"end":{"line":113,"column":27}},{"start":{"line":113,"column":27},"end":{"line":113,"column":null}}],"line":113},"13":{"loc":{"start":{"line":120,"column":10},"end":{"line":122,"column":null}},"type":"binary-expr","locations":[{"start":{"line":120,"column":10},"end":{"line":120,"column":44}},{"start":{"line":120,"column":44},"end":{"line":122,"column":null}}],"line":120},"14":{"loc":{"start":{"line":128,"column":10},"end":{"line":130,"column":null}},"type":"binary-expr","locations":[{"start":{"line":128,"column":10},"end":{"line":128,"column":44}},{"start":{"line":128,"column":44},"end":{"line":130,"column":null}}],"line":128},"15":{"loc":{"start":{"line":129,"column":15},"end":{"line":129,"column":null}},"type":"cond-expr","locations":[{"start":{"line":129,"column":36},"end":{"line":129,"column":46}},{"start":{"line":129,"column":46},"end":{"line":129,"column":null}}],"line":129}},"s":{"0":1,"1":4,"2":4,"3":4,"4":3,"5":0,"6":3,"7":1,"8":2,"9":0,"10":2,"11":1,"12":1,"13":1,"14":1,"15":1,"16":1,"17":0,"18":0,"19":0,"20":0,"21":0,"22":0,"23":0,"24":0,"25":0,"26":0,"27":0,"28":0},"f":{"0":4},"b":{"0":[4,0],"1":[4,4],"2":[3,1],"3":[0,3],"4":[1,2],"5":[0,2],"6":[1,1],"7":[1,0],"8":[1,0],"9":[1,0],"10":[0,0],"11":[0,0],"12":[0,0],"13":[0,0],"14":[0,0],"15":[0,0]},"meta":{"lastBranch":16,"lastFunction":1,"lastStatement":29,"seen":{"s:6:13:133:Infinity":0,"f:6:13:6:Infinity":0,"s:12:2:132:Infinity":1,"b:13:4:105:Infinity:undefined:undefined:undefined:undefined":0,"s:13:4:105:Infinity":2,"b:14:6:14:Infinity:15:6:15:Infinity":1,"b:18:6:81:Infinity:undefined:undefined:undefined:undefined":2,"s:18:6:81:Infinity":3,"b:20:8:28:Infinity:undefined:undefined:undefined:undefined":3,"s:20:8:28:Infinity":4,"s:24:10:27:Infinity":5,"b:31:8:41:Infinity:undefined:undefined:undefined:undefined":4,"s:31:8:41:Infinity":6,"s:32:10:40:Infinity":7,"b:44:8:54:Infinity:undefined:undefined:undefined:undefined":5,"s:44:8:54:Infinity":8,"s:45:10:53:Infinity":9,"b:57:8:67:Infinity:undefined:undefined:undefined:undefined":6,"s:57:8:67:Infinity":10,"s:58:10:66:Infinity":11,"b:70:8:80:Infinity:undefined:undefined:undefined:undefined":7,"s:70:8:80:Infinity":12,"s:71:10:79:Infinity":13,"b:84:6:104:Infinity:undefined:undefined:undefined:undefined":8,"s:84:6:104:Infinity":14,"b:86:8:90:Infinity:undefined:undefined:undefined:undefined":9,"s:86:8:90:Infinity":15,"s:87:10:89:Infinity":16,"b:93:8:103:Infinity:undefined:undefined:undefined:undefined":10,"s:93:8:103:Infinity":17,"s:94:10:102:Infinity":18,"s:107:17:107:Infinity":19,"s:108:18:108:Infinity":20,"s:109:16:109:Infinity":21,"b:111:4:114:Infinity:undefined:undefined:undefined:undefined":11,"s:111:4:114:Infinity":22,"s:112:6:112:Infinity":23,"s:113:6:113:Infinity":24,"b:113:14:113:27:113:27:113:Infinity":12,"s:116:4:116:Infinity":25,"s:118:4:123:Infinity":26,"b:120:10:120:44:120:44:122:Infinity":13,"s:125:4:125:Infinity":27,"s:126:4:131:Infinity":28,"b:128:10:128:44:128:44:130:Infinity":14,"b:129:36:129:46:129:46:129:Infinity":15}}}
,"C:\\Users\\IRSHAD CH\\Ashif\\Projects\\ledgerflow-api\\src\\middlewares\\newTagsOwner.ts": {"path":"C:\\Users\\IRSHAD CH\\Ashif\\Projects\\ledgerflow-api\\src\\middlewares\\newTagsOwner.ts","statementMap":{"0":{"start":{"line":7,"column":21},"end":{"line":39,"column":null}},"1":{"start":{"line":12,"column":2},"end":{"line":38,"column":null}},"2":{"start":{"line":13,"column":26},"end":{"line":13,"column":null}},"3":{"start":{"line":16,"column":18},"end":{"line":19,"column":null}},"4":{"start":{"line":21,"column":4},"end":{"line":25,"column":null}},"5":{"start":{"line":22,"column":6},"end":{"line":24,"column":null}},"6":{"start":{"line":28,"column":25},"end":{"line":28,"column":null}},"7":{"start":{"line":28,"column":45},"end":{"line":28,"column":78}},"8":{"start":{"line":29,"column":4},"end":{"line":33,"column":null}},"9":{"start":{"line":30,"column":6},"end":{"line":32,"column":null}},"10":{"start":{"line":35,"column":4},"end":{"line":35,"column":null}},"11":{"start":{"line":37,"column":4},"end":{"line":37,"column":null}}},"fnMap":{"0":{"name":"(anonymous_0)","decl":{"start":{"line":7,"column":21},"end":{"line":7,"column":null}},"loc":{"start":{"line":11,"column":5},"end":{"line":39,"column":null}},"line":11},"1":{"name":"(anonymous_1)","decl":{"start":{"line":28,"column":31},"end":{"line":28,"column":37}},"loc":{"start":{"line":28,"column":45},"end":{"line":28,"column":78}},"line":28}},"branchMap":{"0":{"loc":{"start":{"line":21,"column":4},"end":{"line":25,"column":null}},"type":"if","locations":[{"start":{"line":21,"column":4},"end":{"line":25,"column":null}},{"start":{},"end":{}}],"line":21},"1":{"loc":{"start":{"line":29,"column":4},"end":{"line":33,"column":null}},"type":"if","locations":[{"start":{"line":29,"column":4},"end":{"line":33,"column":null}},{"start":{},"end":{}}],"line":29}},"s":{"0":1,"1":1,"2":1,"3":1,"4":1,"5":0,"6":1,"7":1,"8":1,"9":0,"10":1,"11":0},"f":{"0":1,"1":1},"b":{"0":[0,1],"1":[0,1]},"meta":{"lastBranch":2,"lastFunction":2,"lastStatement":12,"seen":{"s:7:21:39:Infinity":0,"f:7:21:7:Infinity":0,"s:12:2:38:Infinity":1,"s:13:26:13:Infinity":2,"s:16:18:19:Infinity":3,"b:21:4:25:Infinity:undefined:undefined:undefined:undefined":0,"s:21:4:25:Infinity":4,"s:22:6:24:Infinity":5,"s:28:25:28:Infinity":6,"f:28:31:28:37":1,"s:28:45:28:78":7,"b:29:4:33:Infinity:undefined:undefined:undefined:undefined":1,"s:29:4:33:Infinity":8,"s:30:6:32:Infinity":9,"s:35:4:35:Infinity":10,"s:37:4:37:Infinity":11}}}
,"C:\\Users\\IRSHAD CH\\Ashif\\Projects\\ledgerflow-api\\src\\middlewares\\tagOwner.ts": {"path":"C:\\Users\\IRSHAD CH\\Ashif\\Projects\\ledgerflow-api\\src\\middlewares\\tagOwner.ts","statementMap":{"0":{"start":{"line":7,"column":17},"end":{"line":32,"column":null}},"1":{"start":{"line":8,"column":2},"end":{"line":31,"column":null}},"2":{"start":{"line":9,"column":19},"end":{"line":9,"column":null}},"3":{"start":{"line":11,"column":18},"end":{"line":14,"column":null}},"4":{"start":{"line":16,"column":4},"end":{"line":20,"column":null}},"5":{"start":{"line":17,"column":6},"end":{"line":19,"column":null}},"6":{"start":{"line":22,"column":4},"end":{"line":26,"column":null}},"7":{"start":{"line":23,"column":6},"end":{"line":25,"column":null}},"8":{"start":{"line":28,"column":4},"end":{"line":28,"column":null}},"9":{"start":{"line":30,"column":4},"end":{"line":30,"column":null}}},"fnMap":{"0":{"name":"(anonymous_0)","decl":{"start":{"line":7,"column":17},"end":{"line":7,"column":24}},"loc":{"start":{"line":7,"column":76},"end":{"line":32,"column":null}},"line":7}},"branchMap":{"0":{"loc":{"start":{"line":16,"column":4},"end":{"line":20,"column":null}},"type":"if","locations":[{"start":{"line":16,"column":4},"end":{"line":20,"column":null}},{"start":{},"end":{}}],"line":16},"1":{"loc":{"start":{"line":22,"column":4},"end":{"line":26,"column":null}},"type":"if","locations":[{"start":{"line":22,"column":4},"end":{"line":26,"column":null}},{"start":{},"end":{}}],"line":22}},"s":{"0":1,"1":3,"2":3,"3":3,"4":3,"5":0,"6":3,"7":0,"8":3,"9":0},"f":{"0":3},"b":{"0":[0,3],"1":[0,3]},"meta":{"lastBranch":2,"lastFunction":1,"lastStatement":10,"seen":{"s:7:17:32:Infinity":0,"f:7:17:7:24":0,"s:8:2:31:Infinity":1,"s:9:19:9:Infinity":2,"s:11:18:14:Infinity":3,"b:16:4:20:Infinity:undefined:undefined:undefined:undefined":0,"s:16:4:20:Infinity":4,"s:17:6:19:Infinity":5,"b:22:4:26:Infinity:undefined:undefined:undefined:undefined":1,"s:22:4:26:Infinity":6,"s:23:6:25:Infinity":7,"s:28:4:28:Infinity":8,"s:30:4:30:Infinity":9}}}
,"C:\\Users\\IRSHAD CH\\Ashif\\Projects\\ledgerflow-api\\src\\middlewares\\tagsOwner.ts": {"path":"C:\\Users\\IRSHAD CH\\Ashif\\Projects\\ledgerflow-api\\src\\middlewares\\tagsOwner.ts","statementMap":{"0":{"start":{"line":7,"column":18},"end":{"line":35,"column":null}},"1":{"start":{"line":8,"column":2},"end":{"line":34,"column":null}},"2":{"start":{"line":9,"column":23},"end":{"line":9,"column":null}},"3":{"start":{"line":12,"column":18},"end":{"line":15,"column":null}},"4":{"start":{"line":17,"column":4},"end":{"line":21,"column":null}},"5":{"start":{"line":18,"column":6},"end":{"line":20,"column":null}},"6":{"start":{"line":24,"column":25},"end":{"line":24,"column":null}},"7":{"start":{"line":24,"column":45},"end":{"line":24,"column":78}},"8":{"start":{"line":25,"column":4},"end":{"line":29,"column":null}},"9":{"start":{"line":26,"column":6},"end":{"line":28,"column":null}},"10":{"start":{"line":31,"column":4},"end":{"line":31,"column":null}},"11":{"start":{"line":33,"column":4},"end":{"line":33,"column":null}}},"fnMap":{"0":{"name":"(anonymous_0)","decl":{"start":{"line":7,"column":18},"end":{"line":7,"column":25}},"loc":{"start":{"line":7,"column":77},"end":{"line":35,"column":null}},"line":7},"1":{"name":"(anonymous_1)","decl":{"start":{"line":24,"column":31},"end":{"line":24,"column":37}},"loc":{"start":{"line":24,"column":45},"end":{"line":24,"column":78}},"line":24}},"branchMap":{"0":{"loc":{"start":{"line":17,"column":4},"end":{"line":21,"column":null}},"type":"if","locations":[{"start":{"line":17,"column":4},"end":{"line":21,"column":null}},{"start":{},"end":{}}],"line":17},"1":{"loc":{"start":{"line":25,"column":4},"end":{"line":29,"column":null}},"type":"if","locations":[{"start":{"line":25,"column":4},"end":{"line":29,"column":null}},{"start":{},"end":{}}],"line":25}},"s":{"0":1,"1":9,"2":9,"3":9,"4":9,"5":0,"6":9,"7":3,"8":9,"9":0,"10":9,"11":0},"f":{"0":9,"1":3},"b":{"0":[0,9],"1":[0,9]},"meta":{"lastBranch":2,"lastFunction":2,"lastStatement":12,"seen":{"s:7:18:35:Infinity":0,"f:7:18:7:25":0,"s:8:2:34:Infinity":1,"s:9:23:9:Infinity":2,"s:12:18:15:Infinity":3,"b:17:4:21:Infinity:undefined:undefined:undefined:undefined":0,"s:17:4:21:Infinity":4,"s:18:6:20:Infinity":5,"s:24:25:24:Infinity":6,"f:24:31:24:37":1,"s:24:45:24:78":7,"b:25:4:29:Infinity:undefined:undefined:undefined:undefined":1,"s:25:4:29:Infinity":8,"s:26:6:28:Infinity":9,"s:31:4:31:Infinity":10,"s:33:4:33:Infinity":11}}}
,"C:\\Users\\IRSHAD CH\\Ashif\\Projects\\ledgerflow-api\\src\\middlewares\\transactionOwner.ts": {"path":"C:\\Users\\IRSHAD CH\\Ashif\\Projects\\ledgerflow-api\\src\\middlewares\\transactionOwner.ts","statementMap":{"0":{"start":{"line":7,"column":25},"end":{"line":45,"column":null}},"1":{"start":{"line":12,"column":2},"end":{"line":44,"column":null}},"2":{"start":{"line":13,"column":19},"end":{"line":13,"column":null}},"3":{"start":{"line":15,"column":24},"end":{"line":24,"column":null}},"4":{"start":{"line":26,"column":4},"end":{"line":30,"column":null}},"5":{"start":{"line":27,"column":6},"end":{"line":29,"column":null}},"6":{"start":{"line":32,"column":4},"end":{"line":39,"column":null}},"7":{"start":{"line":36,"column":6},"end":{"line":38,"column":null}},"8":{"start":{"line":41,"column":4},"end":{"line":41,"column":null}},"9":{"start":{"line":43,"column":4},"end":{"line":43,"column":null}}},"fnMap":{"0":{"name":"(anonymous_0)","decl":{"start":{"line":7,"column":25},"end":{"line":7,"column":null}},"loc":{"start":{"line":11,"column":5},"end":{"line":45,"column":null}},"line":11}},"branchMap":{"0":{"loc":{"start":{"line":26,"column":4},"end":{"line":30,"column":null}},"type":"if","locations":[{"start":{"line":26,"column":4},"end":{"line":30,"column":null}},{"start":{},"end":{}}],"line":26},"1":{"loc":{"start":{"line":32,"column":4},"end":{"line":39,"column":null}},"type":"if","locations":[{"start":{"line":32,"column":4},"end":{"line":39,"column":null}},{"start":{},"end":{}}],"line":32},"2":{"loc":{"start":{"line":33,"column":6},"end":{"line":34,"column":null}},"type":"binary-expr","locations":[{"start":{"line":33,"column":6},"end":{"line":33,"column":null}},{"start":{"line":34,"column":6},"end":{"line":34,"column":null}}],"line":33}},"s":{"0":1,"1":5,"2":5,"3":5,"4":5,"5":0,"6":5,"7":0,"8":5,"9":0},"f":{"0":5},"b":{"0":[0,5],"1":[0,5],"2":[5,5]},"meta":{"lastBranch":3,"lastFunction":1,"lastStatement":10,"seen":{"s:7:25:45:Infinity":0,"f:7:25:7:Infinity":0,"s:12:2:44:Infinity":1,"s:13:19:13:Infinity":2,"s:15:24:24:Infinity":3,"b:26:4:30:Infinity:undefined:undefined:undefined:undefined":0,"s:26:4:30:Infinity":4,"s:27:6:29:Infinity":5,"b:32:4:39:Infinity:undefined:undefined:undefined:undefined":1,"s:32:4:39:Infinity":6,"b:33:6:33:Infinity:34:6:34:Infinity":2,"s:36:6:38:Infinity":7,"s:41:4:41:Infinity":8,"s:43:4:43:Infinity":9}}}
,"C:\\Users\\IRSHAD CH\\Ashif\\Projects\\ledgerflow-api\\src\\middlewares\\validation.ts": {"path":"C:\\Users\\IRSHAD CH\\Ashif\\Projects\\ledgerflow-api\\src\\middlewares\\validation.ts","statementMap":{"0":{"start":{"line":4,"column":13},"end":{"line":23,"column":null}},"1":{"start":{"line":5,"column":2},"end":{"line":22,"column":null}},"2":{"start":{"line":6,"column":4},"end":{"line":21,"column":null}},"3":{"start":{"line":7,"column":28},"end":{"line":7,"column":null}},"4":{"start":{"line":8,"column":6},"end":{"line":8,"column":null}},"5":{"start":{"line":9,"column":6},"end":{"line":9,"column":null}},"6":{"start":{"line":11,"column":6},"end":{"line":19,"column":null}},"7":{"start":{"line":12,"column":8},"end":{"line":18,"column":null}},"8":{"start":{"line":14,"column":42},"end":{"line":17,"column":12}},"9":{"start":{"line":20,"column":6},"end":{"line":20,"column":null}},"10":{"start":{"line":25,"column":13},"end":{"line":43,"column":null}},"11":{"start":{"line":26,"column":2},"end":{"line":42,"column":null}},"12":{"start":{"line":27,"column":4},"end":{"line":41,"column":null}},"13":{"start":{"line":28,"column":6},"end":{"line":28,"column":null}},"14":{"start":{"line":29,"column":6},"end":{"line":29,"column":null}},"15":{"start":{"line":31,"column":6},"end":{"line":39,"column":null}},"16":{"start":{"line":32,"column":8},"end":{"line":38,"column":null}},"17":{"start":{"line":34,"column":42},"end":{"line":37,"column":12}},"18":{"start":{"line":40,"column":6},"end":{"line":40,"column":null}},"19":{"start":{"line":45,"column":13},"end":{"line":63,"column":null}},"20":{"start":{"line":46,"column":2},"end":{"line":62,"column":null}},"21":{"start":{"line":47,"column":4},"end":{"line":61,"column":null}},"22":{"start":{"line":48,"column":6},"end":{"line":48,"column":null}},"23":{"start":{"line":49,"column":6},"end":{"line":49,"column":null}},"24":{"start":{"line":51,"column":6},"end":{"line":59,"column":null}},"25":{"start":{"line":52,"column":8},"end":{"line":58,"column":null}},"26":{"start":{"line":54,"column":42},"end":{"line":57,"column":12}},"27":{"start":{"line":60,"column":6},"end":{"line":60,"column":null}}},"fnMap":{"0":{"name":"(anonymous_0)","decl":{"start":{"line":4,"column":13},"end":{"line":4,"column":32}},"loc":{"start":{"line":4,"column":55},"end":{"line":23,"column":null}},"line":4},"1":{"name":"(anonymous_1)","decl":{"start":{"line":5,"column":2},"end":{"line":5,"column":10}},"loc":{"start":{"line":5,"column":62},"end":{"line":22,"column":null}},"line":5},"2":{"name":"(anonymous_2)","decl":{"start":{"line":14,"column":28},"end":{"line":14,"column":33}},"loc":{"start":{"line":14,"column":42},"end":{"line":17,"column":12}},"line":14},"3":{"name":"(anonymous_3)","decl":{"start":{"line":25,"column":13},"end":{"line":25,"column":34}},"loc":{"start":{"line":25,"column":57},"end":{"line":43,"column":null}},"line":25},"4":{"name":"(anonymous_4)","decl":{"start":{"line":26,"column":2},"end":{"line":26,"column":10}},"loc":{"start":{"line":26,"column":62},"end":{"line":42,"column":null}},"line":26},"5":{"name":"(anonymous_5)","decl":{"start":{"line":34,"column":28},"end":{"line":34,"column":33}},"loc":{"start":{"line":34,"column":42},"end":{"line":37,"column":12}},"line":34},"6":{"name":"(anonymous_6)","decl":{"start":{"line":45,"column":13},"end":{"line":45,"column":33}},"loc":{"start":{"line":45,"column":56},"end":{"line":63,"column":null}},"line":45},"7":{"name":"(anonymous_7)","decl":{"start":{"line":46,"column":2},"end":{"line":46,"column":10}},"loc":{"start":{"line":46,"column":62},"end":{"line":62,"column":null}},"line":46},"8":{"name":"(anonymous_8)","decl":{"start":{"line":54,"column":28},"end":{"line":54,"column":33}},"loc":{"start":{"line":54,"column":42},"end":{"line":57,"column":12}},"line":54}},"branchMap":{"0":{"loc":{"start":{"line":11,"column":6},"end":{"line":19,"column":null}},"type":"if","locations":[{"start":{"line":11,"column":6},"end":{"line":19,"column":null}},{"start":{},"end":{}}],"line":11},"1":{"loc":{"start":{"line":31,"column":6},"end":{"line":39,"column":null}},"type":"if","locations":[{"start":{"line":31,"column":6},"end":{"line":39,"column":null}},{"start":{},"end":{}}],"line":31},"2":{"loc":{"start":{"line":51,"column":6},"end":{"line":59,"column":null}},"type":"if","locations":[{"start":{"line":51,"column":6},"end":{"line":59,"column":null}},{"start":{},"end":{}}],"line":51}},"s":{"0":1,"1":10,"2":55,"3":55,"4":55,"5":55,"6":9,"7":9,"8":15,"9":0,"10":1,"11":12,"12":26,"13":26,"14":26,"15":0,"16":0,"17":0,"18":0,"19":1,"20":3,"21":3,"22":3,"23":3,"24":0,"25":0,"26":0,"27":0},"f":{"0":10,"1":55,"2":15,"3":12,"4":26,"5":0,"6":3,"7":3,"8":0},"b":{"0":[9,0],"1":[0,0],"2":[0,0]},"meta":{"lastBranch":3,"lastFunction":9,"lastStatement":28,"seen":{"s:4:13:23:Infinity":0,"f:4:13:4:32":0,"s:5:2:22:Infinity":1,"f:5:2:5:10":1,"s:6:4:21:Infinity":2,"s:7:28:7:Infinity":3,"s:8:6:8:Infinity":4,"s:9:6:9:Infinity":5,"b:11:6:19:Infinity:undefined:undefined:undefined:undefined":0,"s:11:6:19:Infinity":6,"s:12:8:18:Infinity":7,"f:14:28:14:33":2,"s:14:42:17:12":8,"s:20:6:20:Infinity":9,"s:25:13:43:Infinity":10,"f:25:13:25:34":3,"s:26:2:42:Infinity":11,"f:26:2:26:10":4,"s:27:4:41:Infinity":12,"s:28:6:28:Infinity":13,"s:29:6:29:Infinity":14,"b:31:6:39:Infinity:undefined:undefined:undefined:undefined":1,"s:31:6:39:Infinity":15,"s:32:8:38:Infinity":16,"f:34:28:34:33":5,"s:34:42:37:12":17,"s:40:6:40:Infinity":18,"s:45:13:63:Infinity":19,"f:45:13:45:33":6,"s:46:2:62:Infinity":20,"f:46:2:46:10":7,"s:47:4:61:Infinity":21,"s:48:6:48:Infinity":22,"s:49:6:49:Infinity":23,"b:51:6:59:Infinity:undefined:undefined:undefined:undefined":2,"s:51:6:59:Infinity":24,"s:52:8:58:Infinity":25,"f:54:28:54:33":8,"s:54:42:57:12":26,"s:60:6:60:Infinity":27}}}
,"C:\\Users\\IRSHAD CH\\Ashif\\Projects\\ledgerflow-api\\src\\modules\\accounts\\accounts.controller.ts": {"path":"C:\\Users\\IRSHAD CH\\Ashif\\Projects\\ledgerflow-api\\src\\modules\\accounts\\accounts.controller.ts","statementMap":{"0":{"start":{"line":14,"column":27},"end":{"line":60,"column":null}},"1":{"start":{"line":19,"column":2},"end":{"line":59,"column":null}},"2":{"start":{"line":20,"column":33},"end":{"line":20,"column":null}},"3":{"start":{"line":22,"column":4},"end":{"line":22,"column":null}},"4":{"start":{"line":24,"column":23},"end":{"line":24,"column":null}},"5":{"start":{"line":25,"column":10},"end":{"line":25,"column":null}},"6":{"start":{"line":27,"column":10},"end":{"line":31,"column":null}},"7":{"start":{"line":33,"column":20},"end":{"line":36,"column":null}},"8":{"start":{"line":38,"column":26},"end":{"line":38,"column":null}},"9":{"start":{"line":40,"column":18},"end":{"line":46,"column":null}},"10":{"start":{"line":48,"column":20},"end":{"line":48,"column":null}},"11":{"start":{"line":50,"column":4},"end":{"line":56,"column":null}},"12":{"start":{"line":58,"column":4},"end":{"line":58,"column":null}},"13":{"start":{"line":62,"column":30},"end":{"line":88,"column":null}},"14":{"start":{"line":67,"column":2},"end":{"line":87,"column":null}},"15":{"start":{"line":68,"column":19},"end":{"line":68,"column":null}},"16":{"start":{"line":70,"column":22},"end":{"line":73,"column":null}},"17":{"start":{"line":75,"column":4},"end":{"line":79,"column":null}},"18":{"start":{"line":76,"column":6},"end":{"line":78,"column":null}},"19":{"start":{"line":81,"column":4},"end":{"line":84,"column":null}},"20":{"start":{"line":86,"column":4},"end":{"line":86,"column":null}},"21":{"start":{"line":90,"column":29},"end":{"line":115,"column":null}},"22":{"start":{"line":95,"column":2},"end":{"line":114,"column":null}},"23":{"start":{"line":96,"column":36},"end":{"line":96,"column":null}},"24":{"start":{"line":98,"column":22},"end":{"line":106,"column":null}},"25":{"start":{"line":108,"column":4},"end":{"line":111,"column":null}},"26":{"start":{"line":113,"column":4},"end":{"line":113,"column":null}},"27":{"start":{"line":117,"column":29},"end":{"line":149,"column":null}},"28":{"start":{"line":122,"column":2},"end":{"line":148,"column":null}},"29":{"start":{"line":123,"column":19},"end":{"line":123,"column":null}},"30":{"start":{"line":124,"column":36},"end":{"line":124,"column":null}},"31":{"start":{"line":126,"column":22},"end":{"line":134,"column":null}},"32":{"start":{"line":136,"column":4},"end":{"line":140,"column":null}},"33":{"start":{"line":137,"column":6},"end":{"line":139,"column":null}},"34":{"start":{"line":142,"column":4},"end":{"line":145,"column":null}},"35":{"start":{"line":147,"column":4},"end":{"line":147,"column":null}},"36":{"start":{"line":151,"column":29},"end":{"line":176,"column":null}},"37":{"start":{"line":156,"column":2},"end":{"line":175,"column":null}},"38":{"start":{"line":157,"column":19},"end":{"line":157,"column":null}},"39":{"start":{"line":159,"column":22},"end":{"line":162,"column":null}},"40":{"start":{"line":164,"column":4},"end":{"line":168,"column":null}},"41":{"start":{"line":165,"column":6},"end":{"line":167,"column":null}},"42":{"start":{"line":170,"column":4},"end":{"line":172,"column":null}},"43":{"start":{"line":174,"column":4},"end":{"line":174,"column":null}},"44":{"start":{"line":178,"column":44},"end":{"line":267,"column":null}},"45":{"start":{"line":183,"column":2},"end":{"line":266,"column":null}},"46":{"start":{"line":184,"column":19},"end":{"line":184,"column":null}},"47":{"start":{"line":185,"column":67},"end":{"line":185,"column":null}},"48":{"start":{"line":187,"column":21},"end":{"line":187,"column":null}},"49":{"start":{"line":190,"column":27},"end":{"line":239,"column":null}},"50":{"start":{"line":192,"column":6},"end":{"line":196,"column":null}},"51":{"start":{"line":199,"column":28},"end":{"line":208,"column":null}},"52":{"start":{"line":211,"column":6},"end":{"line":213,"column":null}},"53":{"start":{"line":212,"column":8},"end":{"line":212,"column":null}},"54":{"start":{"line":216,"column":6},"end":{"line":224,"column":null}},"55":{"start":{"line":227,"column":19},"end":{"line":230,"column":null}},"56":{"start":{"line":227,"column":40},"end":{"line":230,"column":8}},"57":{"start":{"line":233,"column":6},"end":{"line":236,"column":null}},"58":{"start":{"line":235,"column":8},"end":{"line":235,"column":null}},"59":{"start":{"line":238,"column":6},"end":{"line":238,"column":null}},"60":{"start":{"line":241,"column":4},"end":{"line":241,"column":null}},"61":{"start":{"line":241,"column":25},"end":{"line":241,"column":null}},"62":{"start":{"line":243,"column":24},"end":{"line":252,"column":null}},"63":{"start":{"line":254,"column":21},"end":{"line":258,"column":null}},"64":{"start":{"line":256,"column":46},"end":{"line":256,"column":52}},"65":{"start":{"line":260,"column":4},"end":{"line":263,"column":null}},"66":{"start":{"line":265,"column":4},"end":{"line":265,"column":null}},"67":{"start":{"line":269,"column":42},"end":{"line":343,"column":null}},"68":{"start":{"line":274,"column":2},"end":{"line":342,"column":null}},"69":{"start":{"line":275,"column":19},"end":{"line":275,"column":null}},"70":{"start":{"line":276,"column":63},"end":{"line":276,"column":null}},"71":{"start":{"line":278,"column":23},"end":{"line":278,"column":null}},"72":{"start":{"line":279,"column":10},"end":{"line":279,"column":null}},"73":{"start":{"line":281,"column":10},"end":{"line":302,"column":null}},"74":{"start":{"line":304,"column":19},"end":{"line":307,"column":null}},"75":{"start":{"line":309,"column":30},"end":{"line":309,"column":null}},"76":{"start":{"line":311,"column":25},"end":{"line":323,"column":null}},"77":{"start":{"line":325,"column":32},"end":{"line":329,"column":null}},"78":{"start":{"line":325,"column":58},"end":{"line":329,"column":6}},"79":{"start":{"line":327,"column":36},"end":{"line":327,"column":42}},"80":{"start":{"line":331,"column":20},"end":{"line":331,"column":null}},"81":{"start":{"line":333,"column":4},"end":{"line":339,"column":null}},"82":{"start":{"line":341,"column":4},"end":{"line":341,"column":null}}},"fnMap":{"0":{"name":"(anonymous_0)","decl":{"start":{"line":14,"column":27},"end":{"line":14,"column":null}},"loc":{"start":{"line":18,"column":5},"end":{"line":60,"column":null}},"line":18},"1":{"name":"(anonymous_1)","decl":{"start":{"line":62,"column":30},"end":{"line":62,"column":null}},"loc":{"start":{"line":66,"column":5},"end":{"line":88,"column":null}},"line":66},"2":{"name":"(anonymous_2)","decl":{"start":{"line":90,"column":29},"end":{"line":90,"column":null}},"loc":{"start":{"line":94,"column":5},"end":{"line":115,"column":null}},"line":94},"3":{"name":"(anonymous_3)","decl":{"start":{"line":117,"column":29},"end":{"line":117,"column":null}},"loc":{"start":{"line":121,"column":5},"end":{"line":149,"column":null}},"line":121},"4":{"name":"(anonymous_4)","decl":{"start":{"line":151,"column":29},"end":{"line":151,"column":null}},"loc":{"start":{"line":155,"column":5},"end":{"line":176,"column":null}},"line":155},"5":{"name":"(anonymous_5)","decl":{"start":{"line":178,"column":44},"end":{"line":178,"column":null}},"loc":{"start":{"line":182,"column":5},"end":{"line":267,"column":null}},"line":182},"6":{"name":"(anonymous_6)","decl":{"start":{"line":190,"column":48},"end":{"line":190,"column":55}},"loc":{"start":{"line":190,"column":62},"end":{"line":239,"column":5}},"line":190},"7":{"name":"(anonymous_7)","decl":{"start":{"line":227,"column":28},"end":{"line":227,"column":33}},"loc":{"start":{"line":227,"column":40},"end":{"line":230,"column":8}},"line":227},"8":{"name":"(anonymous_8)","decl":{"start":{"line":256,"column":34},"end":{"line":256,"column":39}},"loc":{"start":{"line":256,"column":46},"end":{"line":256,"column":52}},"line":256},"9":{"name":"(anonymous_9)","decl":{"start":{"line":269,"column":42},"end":{"line":269,"column":null}},"loc":{"start":{"line":273,"column":5},"end":{"line":343,"column":null}},"line":273},"10":{"name":"(anonymous_10)","decl":{"start":{"line":325,"column":45},"end":{"line":325,"column":50}},"loc":{"start":{"line":325,"column":58},"end":{"line":329,"column":6}},"line":325},"11":{"name":"(anonymous_11)","decl":{"start":{"line":327,"column":24},"end":{"line":327,"column":29}},"loc":{"start":{"line":327,"column":36},"end":{"line":327,"column":42}},"line":327}},"branchMap":{"0":{"loc":{"start":{"line":24,"column":35},"end":{"line":24,"column":52}},"type":"binary-expr","locations":[{"start":{"line":24,"column":35},"end":{"line":24,"column":51}},{"start":{"line":24,"column":51},"end":{"line":24,"column":52}}],"line":24},"1":{"loc":{"start":{"line":28,"column":26},"end":{"line":28,"column":50}},"type":"binary-expr","locations":[{"start":{"line":28,"column":26},"end":{"line":28,"column":48}},{"start":{"line":28,"column":48},"end":{"line":28,"column":50}}],"line":28},"2":{"loc":{"start":{"line":29,"column":6},"end":{"line":29,"column":null}},"type":"cond-expr","locations":[{"start":{"line":29,"column":6},"end":{"line":29,"column":49}},{"start":{"line":29,"column":49},"end":{"line":29,"column":null}}],"line":29},"3":{"loc":{"start":{"line":30,"column":6},"end":{"line":30,"column":null}},"type":"cond-expr","locations":[{"start":{"line":30,"column":6},"end":{"line":30,"column":54}},{"start":{"line":30,"column":54},"end":{"line":30,"column":null}}],"line":30},"4":{"loc":{"start":{"line":38,"column":26},"end":{"line":38,"column":null}},"type":"binary-expr","locations":[{"start":{"line":38,"column":26},"end":{"line":38,"column":55}},{"start":{"line":38,"column":55},"end":{"line":38,"column":null}}],"line":38},"5":{"loc":{"start":{"line":54,"column":18},"end":{"line":54,"column":null}},"type":"cond-expr","locations":[{"start":{"line":54,"column":28},"end":{"line":54,"column":45}},{"start":{"line":54,"column":45},"end":{"line":54,"column":null}}],"line":54},"6":{"loc":{"start":{"line":75,"column":4},"end":{"line":79,"column":null}},"type":"if","locations":[{"start":{"line":75,"column":4},"end":{"line":79,"column":null}},{"start":{},"end":{}}],"line":75},"7":{"loc":{"start":{"line":136,"column":4},"end":{"line":140,"column":null}},"type":"if","locations":[{"start":{"line":136,"column":4},"end":{"line":140,"column":null}},{"start":{},"end":{}}],"line":136},"8":{"loc":{"start":{"line":164,"column":4},"end":{"line":168,"column":null}},"type":"if","locations":[{"start":{"line":164,"column":4},"end":{"line":168,"column":null}},{"start":{},"end":{}}],"line":164},"9":{"loc":{"start":{"line":211,"column":6},"end":{"line":213,"column":null}},"type":"if","locations":[{"start":{"line":211,"column":6},"end":{"line":213,"column":null}},{"start":{},"end":{}}],"line":211},"10":{"loc":{"start":{"line":220,"column":12},"end":{"line":222,"column":null}},"type":"cond-expr","locations":[{"start":{"line":221,"column":16},"end":{"line":221,"column":null}},{"start":{"line":222,"column":16},"end":{"line":222,"column":null}}],"line":220},"11":{"loc":{"start":{"line":233,"column":6},"end":{"line":236,"column":null}},"type":"if","locations":[{"start":{"line":233,"column":6},"end":{"line":236,"column":null}},{"start":{},"end":{}}],"line":233},"12":{"loc":{"start":{"line":241,"column":4},"end":{"line":241,"column":null}},"type":"if","locations":[{"start":{"line":241,"column":4},"end":{"line":241,"column":null}},{"start":{},"end":{}}],"line":241},"13":{"loc":{"start":{"line":278,"column":35},"end":{"line":278,"column":52}},"type":"binary-expr","locations":[{"start":{"line":278,"column":35},"end":{"line":278,"column":51}},{"start":{"line":278,"column":51},"end":{"line":278,"column":52}}],"line":278},"14":{"loc":{"start":{"line":284,"column":6},"end":{"line":286,"column":null}},"type":"cond-expr","locations":[{"start":{"line":284,"column":6},"end":{"line":285,"column":null}},{"start":{"line":286,"column":10},"end":{"line":286,"column":null}}],"line":284},"15":{"loc":{"start":{"line":287,"column":6},"end":{"line":289,"column":null}},"type":"cond-expr","locations":[{"start":{"line":287,"column":6},"end":{"line":288,"column":null}},{"start":{"line":289,"column":10},"end":{"line":289,"column":null}}],"line":287},"16":{"loc":{"start":{"line":290,"column":6},"end":{"line":295,"column":null}},"type":"cond-expr","locations":[{"start":{"line":290,"column":6},"end":{"line":294,"column":null}},{"start":{"line":295,"column":10},"end":{"line":295,"column":null}}],"line":290},"17":{"loc":{"start":{"line":296,"column":6},"end":{"line":301,"column":null}},"type":"cond-expr","locations":[{"start":{"line":296,"column":6},"end":{"line":300,"column":null}},{"start":{"line":301,"column":10},"end":{"line":301,"column":null}}],"line":296},"18":{"loc":{"start":{"line":309,"column":30},"end":{"line":309,"column":null}},"type":"binary-expr","locations":[{"start":{"line":309,"column":30},"end":{"line":309,"column":62}},{"start":{"line":309,"column":62},"end":{"line":309,"column":null}}],"line":309},"19":{"loc":{"start":{"line":337,"column":18},"end":{"line":337,"column":null}},"type":"cond-expr","locations":[{"start":{"line":337,"column":28},"end":{"line":337,"column":45}},{"start":{"line":337,"column":45},"end":{"line":337,"column":null}}],"line":337}},"s":{"0":1,"1":1,"2":1,"3":1,"4":1,"5":1,"6":1,"7":1,"8":1,"9":1,"10":1,"11":1,"12":0,"13":1,"14":6,"15":6,"16":6,"17":6,"18":0,"19":6,"20":0,"21":1,"22":12,"23":12,"24":12,"25":12,"26":0,"27":1,"28":1,"29":1,"30":1,"31":1,"32":1,"33":0,"34":1,"35":0,"36":1,"37":1,"38":1,"39":1,"40":1,"41":0,"42":1,"43":0,"44":1,"45":9,"46":9,"47":9,"48":9,"49":9,"50":9,"51":9,"52":9,"53":0,"54":9,"55":8,"56":3,"57":8,"58":3,"59":8,"60":8,"61":8,"62":8,"63":8,"64":3,"65":9,"66":1,"67":1,"68":1,"69":1,"70":1,"71":1,"72":1,"73":1,"74":1,"75":1,"76":1,"77":1,"78":2,"79":0,"80":1,"81":1,"82":0},"f":{"0":1,"1":6,"2":12,"3":1,"4":1,"5":9,"6":9,"7":3,"8":3,"9":1,"10":2,"11":0},"b":{"0":[1,1],"1":[1,0],"2":[0,1],"3":[0,1],"4":[1,0],"5":[0,1],"6":[0,6],"7":[0,1],"8":[0,1],"9":[0,9],"10":[6,3],"11":[3,5],"12":[0,8],"13":[1,1],"14":[0,1],"15":[0,1],"16":[0,1],"17":[0,1],"18":[1,0],"19":[0,1]},"meta":{"lastBranch":20,"lastFunction":12,"lastStatement":83,"seen":{"s:14:27:60:Infinity":0,"f:14:27:14:Infinity":0,"s:19:2:59:Infinity":1,"s:20:33:20:Infinity":2,"s:22:4:22:Infinity":3,"s:24:23:24:Infinity":4,"b:24:35:24:51:24:51:24:52":0,"s:25:10:25:Infinity":5,"s:27:10:31:Infinity":6,"b:28:26:28:48:28:48:28:50":1,"b:29:6:29:49:29:49:29:Infinity":2,"b:30:6:30:54:30:54:30:Infinity":3,"s:33:20:36:Infinity":7,"s:38:26:38:Infinity":8,"b:38:26:38:55:38:55:38:Infinity":4,"s:40:18:46:Infinity":9,"s:48:20:48:Infinity":10,"s:50:4:56:Infinity":11,"b:54:28:54:45:54:45:54:Infinity":5,"s:58:4:58:Infinity":12,"s:62:30:88:Infinity":13,"f:62:30:62:Infinity":1,"s:67:2:87:Infinity":14,"s:68:19:68:Infinity":15,"s:70:22:73:Infinity":16,"b:75:4:79:Infinity:undefined:undefined:undefined:undefined":6,"s:75:4:79:Infinity":17,"s:76:6:78:Infinity":18,"s:81:4:84:Infinity":19,"s:86:4:86:Infinity":20,"s:90:29:115:Infinity":21,"f:90:29:90:Infinity":2,"s:95:2:114:Infinity":22,"s:96:36:96:Infinity":23,"s:98:22:106:Infinity":24,"s:108:4:111:Infinity":25,"s:113:4:113:Infinity":26,"s:117:29:149:Infinity":27,"f:117:29:117:Infinity":3,"s:122:2:148:Infinity":28,"s:123:19:123:Infinity":29,"s:124:36:124:Infinity":30,"s:126:22:134:Infinity":31,"b:136:4:140:Infinity:undefined:undefined:undefined:undefined":7,"s:136:4:140:Infinity":32,"s:137:6:139:Infinity":33,"s:142:4:145:Infinity":34,"s:147:4:147:Infinity":35,"s:151:29:176:Infinity":36,"f:151:29:151:Infinity":4,"s:156:2:175:Infinity":37,"s:157:19:157:Infinity":38,"s:159:22:162:Infinity":39,"b:164:4:168:Infinity:undefined:undefined:undefined:undefined":8,"s:164:4:168:Infinity":40,"s:165:6:167:Infinity":41,"s:170:4:172:Infinity":42,"s:174:4:174:Infinity":43,"s:178:44:267:Infinity":44,"f:178:44:178:Infinity":5,"s:183:2:266:Infinity":45,"s:184:19:184:Infinity":46,"s:185:67:185:Infinity":47,"s:187:21:187:Infinity":48,"s:190:27:239:Infinity":49,"f:190:48:190:55":6,"s:192:6:196:Infinity":50,"s:199:28:208:Infinity":51,"b:211:6:213:Infinity:undefined:undefined:undefined:undefined":9,"s:211:6:213:Infinity":52,"s:212:8:212:Infinity":53,"s:216:6:224:Infinity":54,"b:221:16:221:Infinity:222:16:222:Infinity":10,"s:227:19:230:Infinity":55,"f:227:28:227:33":7,"s:227:40:230:8":56,"b:233:6:236:Infinity:undefined:undefined:undefined:undefined":11,"s:233:6:236:Infinity":57,"s:235:8:235:Infinity":58,"s:238:6:238:Infinity":59,"b:241:4:241:Infinity:undefined:undefined:undefined:undefined":12,"s:241:4:241:Infinity":60,"s:241:25:241:Infinity":61,"s:243:24:252:Infinity":62,"s:254:21:258:Infinity":63,"f:256:34:256:39":8,"s:256:46:256:52":64,"s:260:4:263:Infinity":65,"s:265:4:265:Infinity":66,"s:269:42:343:Infinity":67,"f:269:42:269:Infinity":9,"s:274:2:342:Infinity":68,"s:275:19:275:Infinity":69,"s:276:63:276:Infinity":70,"s:278:23:278:Infinity":71,"b:278:35:278:51:278:51:278:52":13,"s:279:10:279:Infinity":72,"s:281:10:302:Infinity":73,"b:284:6:285:Infinity:286:10:286:Infinity":14,"b:287:6:288:Infinity:289:10:289:Infinity":15,"b:290:6:294:Infinity:295:10:295:Infinity":16,"b:296:6:300:Infinity:301:10:301:Infinity":17,"s:304:19:307:Infinity":74,"s:309:30:309:Infinity":75,"b:309:30:309:62:309:62:309:Infinity":18,"s:311:25:323:Infinity":76,"s:325:32:329:Infinity":77,"f:325:45:325:50":10,"s:325:58:329:6":78,"f:327:24:327:29":11,"s:327:36:327:42":79,"s:331:20:331:Infinity":80,"s:333:4:339:Infinity":81,"b:337:28:337:45:337:45:337:Infinity":19,"s:341:4:341:Infinity":82}}}
,"C:\\Users\\IRSHAD CH\\Ashif\\Projects\\ledgerflow-api\\src\\modules\\accounts\\accounts.route.ts": {"path":"C:\\Users\\IRSHAD CH\\Ashif\\Projects\\ledgerflow-api\\src\\modules\\accounts\\accounts.route.ts","statementMap":{"0":{"start":{"line":28,"column":6},"end":{"line":28,"column":null}},"1":{"start":{"line":31,"column":0},"end":{"line":36,"column":null}},"2":{"start":{"line":39,"column":0},"end":{"line":45,"column":null}},"3":{"start":{"line":48,"column":0},"end":{"line":53,"column":null}},"4":{"start":{"line":56,"column":0},"end":{"line":63,"column":null}},"5":{"start":{"line":66,"column":0},"end":{"line":72,"column":null}},"6":{"start":{"line":75,"column":0},"end":{"line":83,"column":null}},"7":{"start":{"line":86,"column":0},"end":{"line":93,"column":null}}},"fnMap":{},"branchMap":{},"s":{"0":1,"1":1,"2":1,"3":1,"4":1,"5":1,"6":1,"7":1},"f":{},"b":{},"meta":{"lastBranch":0,"lastFunction":0,"lastStatement":8,"seen":{"s:28:6:28:Infinity":0,"s:31:0:36:Infinity":1,"s:39:0:45:Infinity":2,"s:48:0:53:Infinity":3,"s:56:0:63:Infinity":4,"s:66:0:72:Infinity":5,"s:75:0:83:Infinity":6,"s:86:0:93:Infinity":7}}}
,"C:\\Users\\IRSHAD CH\\Ashif\\Projects\\ledgerflow-api\\src\\modules\\accounts\\accounts.schema.ts": {"path":"C:\\Users\\IRSHAD CH\\Ashif\\Projects\\ledgerflow-api\\src\\modules\\accounts\\accounts.schema.ts","statementMap":{"0":{"start":{"line":4,"column":36},"end":{"line":8,"column":null}},"1":{"start":{"line":7,"column":13},"end":{"line":7,"column":34}},"2":{"start":{"line":10,"column":34},"end":{"line":16,"column":null}},"3":{"start":{"line":18,"column":33},"end":{"line":29,"column":null}},"4":{"start":{"line":31,"column":37},"end":{"line":42,"column":null}},"5":{"start":{"line":44,"column":38},"end":{"line":56,"column":null}}},"fnMap":{"0":{"name":"(anonymous_0)","decl":{"start":{"line":7,"column":5},"end":{"line":7,"column":13}},"loc":{"start":{"line":7,"column":13},"end":{"line":7,"column":34}},"line":7}},"branchMap":{},"s":{"0":1,"1":18,"2":1,"3":1,"4":1,"5":1},"f":{"0":18},"b":{},"meta":{"lastBranch":0,"lastFunction":1,"lastStatement":6,"seen":{"s:4:36:8:Infinity":0,"f:7:5:7:13":0,"s:7:13:7:34":1,"s:10:34:16:Infinity":2,"s:18:33:29:Infinity":3,"s:31:37:42:Infinity":4,"s:44:38:56:Infinity":5}}}
,"C:\\Users\\IRSHAD CH\\Ashif\\Projects\\ledgerflow-api\\src\\modules\\auth\\auth.controller.ts": {"path":"C:\\Users\\IRSHAD CH\\Ashif\\Projects\\ledgerflow-api\\src\\modules\\auth\\auth.controller.ts","statementMap":{"0":{"start":{"line":9,"column":21},"end":{"line":55,"column":null}},"1":{"start":{"line":14,"column":2},"end":{"line":54,"column":null}},"2":{"start":{"line":15,"column":32},"end":{"line":15,"column":null}},"3":{"start":{"line":17,"column":19},"end":{"line":17,"column":null}},"4":{"start":{"line":19,"column":4},"end":{"line":23,"column":null}},"5":{"start":{"line":20,"column":6},"end":{"line":22,"column":null}},"6":{"start":{"line":25,"column":18},"end":{"line":25,"column":null}},"7":{"start":{"line":27,"column":4},"end":{"line":31,"column":null}},"8":{"start":{"line":28,"column":6},"end":{"line":30,"column":null}},"9":{"start":{"line":33,"column":10},"end":{"line":33,"column":null}},"10":{"start":{"line":34,"column":10},"end":{"line":34,"column":null}},"11":{"start":{"line":36,"column":4},"end":{"line":36,"column":null}},"12":{"start":{"line":38,"column":4},"end":{"line":38,"column":null}},"13":{"start":{"line":40,"column":4},"end":{"line":40,"column":null}},"14":{"start":{"line":42,"column":4},"end":{"line":51,"column":null}},"15":{"start":{"line":53,"column":4},"end":{"line":53,"column":null}},"16":{"start":{"line":57,"column":24},"end":{"line":98,"column":null}},"17":{"start":{"line":62,"column":2},"end":{"line":97,"column":null}},"18":{"start":{"line":63,"column":48},"end":{"line":63,"column":null}},"19":{"start":{"line":65,"column":27},"end":{"line":65,"column":null}},"20":{"start":{"line":67,"column":19},"end":{"line":76,"column":null}},"21":{"start":{"line":78,"column":4},"end":{"line":80,"column":null}},"22":{"start":{"line":79,"column":6},"end":{"line":79,"column":null}},"23":{"start":{"line":82,"column":10},"end":{"line":82,"column":null}},"24":{"start":{"line":83,"column":10},"end":{"line":83,"column":null}},"25":{"start":{"line":85,"column":4},"end":{"line":85,"column":null}},"26":{"start":{"line":87,"column":4},"end":{"line":87,"column":null}},"27":{"start":{"line":89,"column":4},"end":{"line":89,"column":null}},"28":{"start":{"line":91,"column":4},"end":{"line":94,"column":null}},"29":{"start":{"line":96,"column":4},"end":{"line":96,"column":null}},"30":{"start":{"line":100,"column":22},"end":{"line":118,"column":null}},"31":{"start":{"line":105,"column":2},"end":{"line":117,"column":null}},"32":{"start":{"line":106,"column":10},"end":{"line":106,"column":null}},"33":{"start":{"line":108,"column":4},"end":{"line":108,"column":null}},"34":{"start":{"line":110,"column":4},"end":{"line":110,"column":null}},"35":{"start":{"line":112,"column":4},"end":{"line":114,"column":null}},"36":{"start":{"line":116,"column":4},"end":{"line":116,"column":null}}},"fnMap":{"0":{"name":"(anonymous_0)","decl":{"start":{"line":9,"column":21},"end":{"line":9,"column":null}},"loc":{"start":{"line":13,"column":5},"end":{"line":55,"column":null}},"line":13},"1":{"name":"(anonymous_1)","decl":{"start":{"line":57,"column":24},"end":{"line":57,"column":null}},"loc":{"start":{"line":61,"column":5},"end":{"line":98,"column":null}},"line":61},"2":{"name":"(anonymous_2)","decl":{"start":{"line":100,"column":22},"end":{"line":100,"column":null}},"loc":{"start":{"line":104,"column":5},"end":{"line":118,"column":null}},"line":104}},"branchMap":{"0":{"loc":{"start":{"line":19,"column":4},"end":{"line":23,"column":null}},"type":"if","locations":[{"start":{"line":19,"column":4},"end":{"line":23,"column":null}},{"start":{},"end":{}}],"line":19},"1":{"loc":{"start":{"line":27,"column":4},"end":{"line":31,"column":null}},"type":"if","locations":[{"start":{"line":27,"column":4},"end":{"line":31,"column":null}},{"start":{},"end":{}}],"line":27},"2":{"loc":{"start":{"line":78,"column":4},"end":{"line":80,"column":null}},"type":"if","locations":[{"start":{"line":78,"column":4},"end":{"line":80,"column":null}},{"start":{},"end":{}}],"line":78}},"s":{"0":1,"1":3,"2":3,"3":3,"4":3,"5":1,"6":2,"7":2,"8":1,"9":1,"10":1,"11":1,"12":1,"13":1,"14":1,"15":0,"16":1,"17":7,"18":7,"19":7,"20":7,"21":5,"22":0,"23":5,"24":5,"25":5,"26":5,"27":5,"28":5,"29":2,"30":1,"31":0,"32":0,"33":0,"34":0,"35":0,"36":0},"f":{"0":3,"1":7,"2":0},"b":{"0":[1,2],"1":[1,1],"2":[0,5]},"meta":{"lastBranch":3,"lastFunction":3,"lastStatement":37,"seen":{"s:9:21:55:Infinity":0,"f:9:21:9:Infinity":0,"s:14:2:54:Infinity":1,"s:15:32:15:Infinity":2,"s:17:19:17:Infinity":3,"b:19:4:23:Infinity:undefined:undefined:undefined:undefined":0,"s:19:4:23:Infinity":4,"s:20:6:22:Infinity":5,"s:25:18:25:Infinity":6,"b:27:4:31:Infinity:undefined:undefined:undefined:undefined":1,"s:27:4:31:Infinity":7,"s:28:6:30:Infinity":8,"s:33:10:33:Infinity":9,"s:34:10:34:Infinity":10,"s:36:4:36:Infinity":11,"s:38:4:38:Infinity":12,"s:40:4:40:Infinity":13,"s:42:4:51:Infinity":14,"s:53:4:53:Infinity":15,"s:57:24:98:Infinity":16,"f:57:24:57:Infinity":1,"s:62:2:97:Infinity":17,"s:63:48:63:Infinity":18,"s:65:27:65:Infinity":19,"s:67:19:76:Infinity":20,"b:78:4:80:Infinity:undefined:undefined:undefined:undefined":2,"s:78:4:80:Infinity":21,"s:79:6:79:Infinity":22,"s:82:10:82:Infinity":23,"s:83:10:83:Infinity":24,"s:85:4:85:Infinity":25,"s:87:4:87:Infinity":26,"s:89:4:89:Infinity":27,"s:91:4:94:Infinity":28,"s:96:4:96:Infinity":29,"s:100:22:118:Infinity":30,"f:100:22:100:Infinity":2,"s:105:2:117:Infinity":31,"s:106:10:106:Infinity":32,"s:108:4:108:Infinity":33,"s:110:4:110:Infinity":34,"s:112:4:114:Infinity":35,"s:116:4:116:Infinity":36}}}
,"C:\\Users\\IRSHAD CH\\Ashif\\Projects\\ledgerflow-api\\src\\modules\\auth\\auth.route.ts": {"path":"C:\\Users\\IRSHAD CH\\Ashif\\Projects\\ledgerflow-api\\src\\modules\\auth\\auth.route.ts","statementMap":{"0":{"start":{"line":7,"column":6},"end":{"line":7,"column":null}},"1":{"start":{"line":9,"column":0},"end":{"line":9,"column":null}},"2":{"start":{"line":10,"column":0},"end":{"line":10,"column":null}},"3":{"start":{"line":11,"column":0},"end":{"line":11,"column":null}}},"fnMap":{},"branchMap":{},"s":{"0":1,"1":1,"2":1,"3":1},"f":{},"b":{},"meta":{"lastBranch":0,"lastFunction":0,"lastStatement":4,"seen":{"s:7:6:7:Infinity":0,"s:9:0:9:Infinity":1,"s:10:0:10:Infinity":2,"s:11:0:11:Infinity":3}}}
,"C:\\Users\\IRSHAD CH\\Ashif\\Projects\\ledgerflow-api\\src\\modules\\auth\\auth.schema.ts": {"path":"C:\\Users\\IRSHAD CH\\Ashif\\Projects\\ledgerflow-api\\src\\modules\\auth\\auth.schema.ts","statementMap":{"0":{"start":{"line":3,"column":27},"end":{"line":8,"column":null}},"1":{"start":{"line":10,"column":30},"end":{"line":29,"column":null}}},"fnMap":{},"branchMap":{},"s":{"0":1,"1":1},"f":{},"b":{},"meta":{"lastBranch":0,"lastFunction":0,"lastStatement":2,"seen":{"s:3:27:8:Infinity":0,"s:10:30:29:Infinity":1}}}
,"C:\\Users\\IRSHAD CH\\Ashif\\Projects\\ledgerflow-api\\src\\modules\\tags\\tags.controller.ts": {"path":"C:\\Users\\IRSHAD CH\\Ashif\\Projects\\ledgerflow-api\\src\\modules\\tags\\tags.controller.ts","statementMap":{"0":{"start":{"line":7,"column":23},"end":{"line":29,"column":null}},"1":{"start":{"line":12,"column":2},"end":{"line":28,"column":null}},"2":{"start":{"line":13,"column":21},"end":{"line":13,"column":null}},"3":{"start":{"line":15,"column":10},"end":{"line":18,"column":null}},"4":{"start":{"line":20,"column":18},"end":{"line":20,"column":null}},"5":{"start":{"line":22,"column":4},"end":{"line":25,"column":null}},"6":{"start":{"line":27,"column":4},"end":{"line":27,"column":null}},"7":{"start":{"line":31,"column":26},"end":{"line":57,"column":null}},"8":{"start":{"line":36,"column":2},"end":{"line":56,"column":null}},"9":{"start":{"line":37,"column":19},"end":{"line":37,"column":null}},"10":{"start":{"line":39,"column":18},"end":{"line":42,"column":null}},"11":{"start":{"line":44,"column":4},"end":{"line":48,"column":null}},"12":{"start":{"line":45,"column":6},"end":{"line":47,"column":null}},"13":{"start":{"line":50,"column":4},"end":{"line":53,"column":null}},"14":{"start":{"line":55,"column":4},"end":{"line":55,"column":null}},"15":{"start":{"line":59,"column":25},"end":{"line":79,"column":null}},"16":{"start":{"line":64,"column":2},"end":{"line":78,"column":null}},"17":{"start":{"line":65,"column":21},"end":{"line":65,"column":null}},"18":{"start":{"line":67,"column":18},"end":{"line":70,"column":null}},"19":{"start":{"line":72,"column":4},"end":{"line":75,"column":null}},"20":{"start":{"line":77,"column":4},"end":{"line":77,"column":null}},"21":{"start":{"line":81,"column":25},"end":{"line":109,"column":null}},"22":{"start":{"line":86,"column":2},"end":{"line":108,"column":null}},"23":{"start":{"line":87,"column":19},"end":{"line":87,"column":null}},"24":{"start":{"line":88,"column":21},"end":{"line":88,"column":null}},"25":{"start":{"line":90,"column":18},"end":{"line":94,"column":null}},"26":{"start":{"line":96,"column":4},"end":{"line":100,"column":null}},"27":{"start":{"line":97,"column":6},"end":{"line":99,"column":null}},"28":{"start":{"line":102,"column":4},"end":{"line":105,"column":null}},"29":{"start":{"line":107,"column":4},"end":{"line":107,"column":null}},"30":{"start":{"line":111,"column":25},"end":{"line":136,"column":null}},"31":{"start":{"line":116,"column":2},"end":{"line":135,"column":null}},"32":{"start":{"line":117,"column":19},"end":{"line":117,"column":null}},"33":{"start":{"line":119,"column":18},"end":{"line":122,"column":null}},"34":{"start":{"line":124,"column":4},"end":{"line":128,"column":null}},"35":{"start":{"line":125,"column":6},"end":{"line":127,"column":null}},"36":{"start":{"line":130,"column":4},"end":{"line":132,"column":null}},"37":{"start":{"line":134,"column":4},"end":{"line":134,"column":null}}},"fnMap":{"0":{"name":"(anonymous_0)","decl":{"start":{"line":7,"column":23},"end":{"line":7,"column":null}},"loc":{"start":{"line":11,"column":5},"end":{"line":29,"column":null}},"line":11},"1":{"name":"(anonymous_1)","decl":{"start":{"line":31,"column":26},"end":{"line":31,"column":null}},"loc":{"start":{"line":35,"column":5},"end":{"line":57,"column":null}},"line":35},"2":{"name":"(anonymous_2)","decl":{"start":{"line":59,"column":25},"end":{"line":59,"column":null}},"loc":{"start":{"line":63,"column":5},"end":{"line":79,"column":null}},"line":63},"3":{"name":"(anonymous_3)","decl":{"start":{"line":81,"column":25},"end":{"line":81,"column":null}},"loc":{"start":{"line":85,"column":5},"end":{"line":109,"column":null}},"line":85},"4":{"name":"(anonymous_4)","decl":{"start":{"line":111,"column":25},"end":{"line":111,"column":null}},"loc":{"start":{"line":115,"column":5},"end":{"line":136,"column":null}},"line":115}},"branchMap":{"0":{"loc":{"start":{"line":17,"column":6},"end":{"line":17,"column":null}},"type":"cond-expr","locations":[{"start":{"line":17,"column":6},"end":{"line":17,"column":45}},{"start":{"line":17,"column":45},"end":{"line":17,"column":null}}],"line":17},"1":{"loc":{"start":{"line":44,"column":4},"end":{"line":48,"column":null}},"type":"if","locations":[{"start":{"line":44,"column":4},"end":{"line":48,"column":null}},{"start":{},"end":{}}],"line":44},"2":{"loc":{"start":{"line":96,"column":4},"end":{"line":100,"column":null}},"type":"if","locations":[{"start":{"line":96,"column":4},"end":{"line":100,"column":null}},{"start":{},"end":{}}],"line":96},"3":{"loc":{"start":{"line":124,"column":4},"end":{"line":128,"column":null}},"type":"if","locations":[{"start":{"line":124,"column":4},"end":{"line":128,"column":null}},{"start":{},"end":{}}],"line":124}},"s":{"0":1,"1":1,"2":1,"3":1,"4":1,"5":1,"6":0,"7":1,"8":1,"9":1,"10":1,"11":1,"12":0,"13":1,"14":0,"15":1,"16":10,"17":10,"18":10,"19":9,"20":1,"21":1,"22":1,"23":1,"24":1,"25":1,"26":1,"27":0,"28":1,"29":0,"30":1,"31":1,"32":1,"33":1,"34":1,"35":0,"36":1,"37":0},"f":{"0":1,"1":1,"2":10,"3":1,"4":1},"b":{"0":[0,1],"1":[0,1],"2":[0,1],"3":[0,1]},"meta":{"lastBranch":4,"lastFunction":5,"lastStatement":38,"seen":{"s:7:23:29:Infinity":0,"f:7:23:7:Infinity":0,"s:12:2:28:Infinity":1,"s:13:21:13:Infinity":2,"s:15:10:18:Infinity":3,"b:17:6:17:45:17:45:17:Infinity":0,"s:20:18:20:Infinity":4,"s:22:4:25:Infinity":5,"s:27:4:27:Infinity":6,"s:31:26:57:Infinity":7,"f:31:26:31:Infinity":1,"s:36:2:56:Infinity":8,"s:37:19:37:Infinity":9,"s:39:18:42:Infinity":10,"b:44:4:48:Infinity:undefined:undefined:undefined:undefined":1,"s:44:4:48:Infinity":11,"s:45:6:47:Infinity":12,"s:50:4:53:Infinity":13,"s:55:4:55:Infinity":14,"s:59:25:79:Infinity":15,"f:59:25:59:Infinity":2,"s:64:2:78:Infinity":16,"s:65:21:65:Infinity":17,"s:67:18:70:Infinity":18,"s:72:4:75:Infinity":19,"s:77:4:77:Infinity":20,"s:81:25:109:Infinity":21,"f:81:25:81:Infinity":3,"s:86:2:108:Infinity":22,"s:87:19:87:Infinity":23,"s:88:21:88:Infinity":24,"s:90:18:94:Infinity":25,"b:96:4:100:Infinity:undefined:undefined:undefined:undefined":2,"s:96:4:100:Infinity":26,"s:97:6:99:Infinity":27,"s:102:4:105:Infinity":28,"s:107:4:107:Infinity":29,"s:111:25:136:Infinity":30,"f:111:25:111:Infinity":4,"s:116:2:135:Infinity":31,"s:117:19:117:Infinity":32,"s:119:18:122:Infinity":33,"b:124:4:128:Infinity:undefined:undefined:undefined:undefined":3,"s:124:4:128:Infinity":34,"s:125:6:127:Infinity":35,"s:130:4:132:Infinity":36,"s:134:4:134:Infinity":37}}}
,"C:\\Users\\IRSHAD CH\\Ashif\\Projects\\ledgerflow-api\\src\\modules\\tags\\tags.route.ts": {"path":"C:\\Users\\IRSHAD CH\\Ashif\\Projects\\ledgerflow-api\\src\\modules\\tags\\tags.route.ts","statementMap":{"0":{"start":{"line":23,"column":6},"end":{"line":23,"column":null}},"1":{"start":{"line":25,"column":0},"end":{"line":25,"column":null}},"2":{"start":{"line":26,"column":0},"end":{"line":32,"column":null}},"3":{"start":{"line":34,"column":0},"end":{"line":34,"column":null}},"4":{"start":{"line":36,"column":0},"end":{"line":43,"column":null}},"5":{"start":{"line":45,"column":0},"end":{"line":51,"column":null}}},"fnMap":{},"branchMap":{},"s":{"0":1,"1":1,"2":1,"3":1,"4":1,"5":1},"f":{},"b":{},"meta":{"lastBranch":0,"lastFunction":0,"lastStatement":6,"seen":{"s:23:6:23:Infinity":0,"s:25:0:25:Infinity":1,"s:26:0:32:Infinity":2,"s:34:0:34:Infinity":3,"s:36:0:43:Infinity":4,"s:45:0:51:Infinity":5}}}
,"C:\\Users\\IRSHAD CH\\Ashif\\Projects\\ledgerflow-api\\src\\modules\\tags\\tags.schema.ts": {"path":"C:\\Users\\IRSHAD CH\\Ashif\\Projects\\ledgerflow-api\\src\\modules\\tags\\tags.schema.ts","statementMap":{"0":{"start":{"line":4,"column":32},"end":{"line":8,"column":null}},"1":{"start":{"line":7,"column":13},"end":{"line":7,"column":34}},"2":{"start":{"line":10,"column":29},"end":{"line":17,"column":null}},"3":{"start":{"line":19,"column":30},"end":{"line":21,"column":null}}},"fnMap":{"0":{"name":"(anonymous_0)","decl":{"start":{"line":7,"column":5},"end":{"line":7,"column":13}},"loc":{"start":{"line":7,"column":13},"end":{"line":7,"column":34}},"line":7}},"branchMap":{},"s":{"0":1,"1":3,"2":1,"3":1},"f":{"0":3},"b":{},"meta":{"lastBranch":0,"lastFunction":1,"lastStatement":4,"seen":{"s:4:32:8:Infinity":0,"f:7:5:7:13":0,"s:7:13:7:34":1,"s:10:29:17:Infinity":2,"s:19:30:21:Infinity":3}}}
,"C:\\Users\\IRSHAD CH\\Ashif\\Projects\\ledgerflow-api\\src\\modules\\transactions\\transactions.controller.ts": {"path":"C:\\Users\\IRSHAD CH\\Ashif\\Projects\\ledgerflow-api\\src\\modules\\transactions\\transactions.controller.ts","statementMap":{"0":{"start":{"line":11,"column":30},"end":{"line":49,"column":null}},"1":{"start":{"line":16,"column":2},"end":{"line":48,"column":null}},"2":{"start":{"line":17,"column":19},"end":{"line":17,"column":null}},"3":{"start":{"line":19,"column":24},"end":{"line":28,"column":null}},"4":{"start":{"line":30,"column":4},"end":{"line":34,"column":null}},"5":{"start":{"line":31,"column":6},"end":{"line":33,"column":null}},"6":{"start":{"line":36,"column":21},"end":{"line":40,"column":null}},"7":{"start":{"line":38,"column":44},"end":{"line":38,"column":49}},"8":{"start":{"line":42,"column":4},"end":{"line":45,"column":null}},"9":{"start":{"line":47,"column":4},"end":{"line":47,"column":null}},"10":{"start":{"line":51,"column":33},"end":{"line":179,"column":null}},"11":{"start":{"line":56,"column":2},"end":{"line":178,"column":null}},"12":{"start":{"line":57,"column":19},"end":{"line":57,"column":null}},"13":{"start":{"line":65,"column":8},"end":{"line":65,"column":null}},"14":{"start":{"line":67,"column":26},"end":{"line":70,"column":null}},"15":{"start":{"line":72,"column":4},"end":{"line":76,"column":null}},"16":{"start":{"line":73,"column":6},"end":{"line":75,"column":null}},"17":{"start":{"line":78,"column":22},"end":{"line":78,"column":null}},"18":{"start":{"line":79,"column":24},"end":{"line":79,"column":null}},"19":{"start":{"line":82,"column":6},"end":{"line":82,"column":null}},"20":{"start":{"line":83,"column":24},"end":{"line":83,"column":null}},"21":{"start":{"line":86,"column":6},"end":{"line":88,"column":null}},"22":{"start":{"line":91,"column":6},"end":{"line":91,"column":null}},"23":{"start":{"line":93,"column":17},"end":{"line":93,"column":null}},"24":{"start":{"line":96,"column":4},"end":{"line":153,"column":null}},"25":{"start":{"line":97,"column":6},"end":{"line":110,"column":null}},"26":{"start":{"line":99,"column":8},"end":{"line":103,"column":null}},"27":{"start":{"line":106,"column":8},"end":{"line":109,"column":null}},"28":{"start":{"line":113,"column":6},"end":{"line":121,"column":null}},"29":{"start":{"line":124,"column":6},"end":{"line":131,"column":null}},"30":{"start":{"line":125,"column":21},"end":{"line":128,"column":null}},"31":{"start":{"line":125,"column":51},"end":{"line":128,"column":10}},"32":{"start":{"line":130,"column":8},"end":{"line":130,"column":null}},"33":{"start":{"line":134,"column":6},"end":{"line":152,"column":null}},"34":{"start":{"line":135,"column":40},"end":{"line":143,"column":null}},"35":{"start":{"line":145,"column":33},"end":{"line":145,"column":null}},"36":{"start":{"line":145,"column":68},"end":{"line":145,"column":72}},"37":{"start":{"line":147,"column":8},"end":{"line":151,"column":null}},"38":{"start":{"line":148,"column":10},"end":{"line":150,"column":null}},"39":{"start":{"line":155,"column":27},"end":{"line":164,"column":null}},"40":{"start":{"line":166,"column":21},"end":{"line":170,"column":null}},"41":{"start":{"line":168,"column":48},"end":{"line":168,"column":53}},"42":{"start":{"line":172,"column":4},"end":{"line":175,"column":null}},"43":{"start":{"line":177,"column":4},"end":{"line":177,"column":null}},"44":{"start":{"line":181,"column":33},"end":{"line":241,"column":null}},"45":{"start":{"line":186,"column":2},"end":{"line":240,"column":null}},"46":{"start":{"line":187,"column":19},"end":{"line":187,"column":null}},"47":{"start":{"line":189,"column":26},"end":{"line":192,"column":null}},"48":{"start":{"line":194,"column":4},"end":{"line":198,"column":null}},"49":{"start":{"line":195,"column":6},"end":{"line":197,"column":null}},"50":{"start":{"line":200,"column":4},"end":{"
[...]
":{"line":134,"column":26}},{"start":{"line":134,"column":26},"end":{"line":134,"column":51}}],"line":134},"18":{"loc":{"start":{"line":147,"column":8},"end":{"line":151,"column":null}},"type":"if","locations":[{"start":{"line":147,"column":8},"end":{"line":151,"column":null}},{"start":{},"end":{}}],"line":147},"19":{"loc":{"start":{"line":194,"column":4},"end":{"line":198,"column":null}},"type":"if","locations":[{"start":{"line":194,"column":4},"end":{"line":198,"column":null}},{"start":{},"end":{}}],"line":194},"20":{"loc":{"start":{"line":200,"column":4},"end":{"line":204,"column":null}},"type":"if","locations":[{"start":{"line":200,"column":4},"end":{"line":204,"column":null}},{"start":{},"end":{}}],"line":200},"21":{"loc":{"start":{"line":216,"column":8},"end":{"line":218,"column":null}},"type":"cond-expr","locations":[{"start":{"line":217,"column":12},"end":{"line":217,"column":null}},{"start":{"line":218,"column":12},"end":{"line":218,"column":null}}],"line":216},"22":{"loc":{"start":{"line":256,"column":4},"end":{"line":260,"column":null}},"type":"if","locations":[{"start":{"line":256,"column":4},"end":{"line":260,"column":null}},{"start":{},"end":{}}],"line":256},"23":{"loc":{"start":{"line":262,"column":4},"end":{"line":266,"column":null}},"type":"if","locations":[{"start":{"line":262,"column":4},"end":{"line":266,"column":null}},{"start":{},"end":{}}],"line":262},"24":{"loc":{"start":{"line":278,"column":8},"end":{"line":280,"column":null}},"type":"cond-expr","locations":[{"start":{"line":279,"column":12},"end":{"line":279,"column":null}},{"start":{"line":280,"column":12},"end":{"line":280,"column":null}}],"line":278},"25":{"loc":{"start":{"line":306,"column":4},"end":{"line":310,"column":null}},"type":"if","locations":[{"start":{"line":306,"column":4},"end":{"line":310,"column":null}},{"start":{},"end":{}}],"line":306}},"s":{"0":1,"1":1,"2":1,"3":1,"4":1,"5":0,"6":1,"7":0,"8":1,"9":0,"10":1,"11":1,"12":1,"13":1,"14":1,"15":1,"16":0,"17":1,"18":1,"19":1,"20":1,"21":1,"22":1,"23":1,"24":1,"25":1,"26":1,"27":1,"28":1,"29":1,"30":1,"31":1,"32":1,"33":1,"34":1,"35":1,"36":1,"37":1,"38":1,"39":1,"40":1,"41":1,"42":1,"43":0,"44":1,"45":2,"46":2,"47":2,"48":2,"49":0,"50":2,"51":0,"52":2,"53":2,"54":2,"55":2,"56":2,"57":2,"58":2,"59":0,"60":1,"61":1,"62":1,"63":1,"64":1,"65":0,"66":1,"67":0,"68":1,"69":1,"70":1,"71":1,"72":1,"73":1,"74":1,"75":0,"76":1,"77":0,"78":1,"79":0},"f":{"0":1,"1":0,"2":1,"3":1,"4":1,"5":1,"6":1,"7":2,"8":2,"9":1,"10":1,"11":0},"b":{"0":[0,1],"1":[0,1],"2":[1,0],"3":[1,0],"4":[1,1],"5":[1,1],"6":[1,0],"7":[0,1],"8":[1,0],"9":[1,1],"10":[1,1],"11":[1,0],"12":[1,0],"13":[1,1],"14":[1,0],"15":[1,1],"16":[1,0],"17":[1,1],"18":[1,0],"19":[0,2],"20":[0,2],"21":[2,0],"22":[0,1],"23":[0,1],"24":[1,0],"25":[0,1]},"meta":{"lastBranch":26,"lastFunction":12,"lastStatement":80,"seen":{"s:11:30:49:Infinity":0,"f:11:30:11:Infinity":0,"s:16:2:48:Infinity":1,"s:17:19:17:Infinity":2,"s:19:24:28:Infinity":3,"b:30:4:34:Infinity:undefined:undefined:undefined:undefined":0,"s:30:4:34:Infinity":4,"s:31:6:33:Infinity":5,"s:36:21:40:Infinity":6,"f:38:33:38:38":1,"s:38:44:38:49":7,"s:42:4:45:Infinity":8,"s:47:4:47:Infinity":9,"s:51:33:179:Infinity":10,"f:51:33:51:Infinity":2,"s:56:2:178:Infinity":11,"s:57:19:57:Infinity":12,"s:65:8:65:Infinity":13,"s:67:26:70:Infinity":14,"b:72:4:76:Infinity:undefined:undefined:undefined:undefined":1,"s:72:4:76:Infinity":15,"s:73:6:75:Infinity":16,"s:78:22:78:Infinity":17,"b:78:22:78:30:78:30:78:Infinity":2,"s:79:24:79:Infinity":18,"b:79:24:79:34:79:34:79:Infinity":3,"s:82:6:82:Infinity":19,"b:82:6:82:30:82:30:82:Infinity":4,"s:83:24:83:Infinity":20,"b:83:24:83:46:83:46:83:Infinity":5,"s:86:6:88:Infinity":21,"b:87:10:87:Infinity:88:10:88:Infinity":6,"s:91:6:91:Infinity":22,"b:91:31:91:53:91:53:91:Infinity":7,"s:93:17:93:Infinity":23,"s:96:4:153:Infinity":24,"f:96:25:96:32":3,"b:97:6:110:Infinity:undefined:undefined:undefined:undefined":8,"s:97:6:110:Infinity":25,"b:97:10:97:27:97:27:97:40":9,"s:99:8:103:Infinity":26,"s:106:8:109:Infinity":27,"s:113:6:121:Infinity":28,"b:116:14:116:38:116:38:116:Infinity":10,"b:117:14:117:43:117:43:117:Infinity":11,"b:118:14:118:47:118:47:118:Infinity":12,"b:119:14:119:36:119:36:119:Infinity":13,"b:124:6:131:Infinity:undefined:undefined:undefined:undefined":14,"s:124:6:131:Infinity":29,"b:124:10:124:23:124:23:124:45":15,"s:125:21:128:Infinity":30,"f:125:31:125:36":4,"s:125:51:128:10":31,"s:130:8:130:Infinity":32,"b:134:6:152:Infinity:undefined:undefined:undefined:undefined":16,"s:134:6:152:Infinity":33,"b:134:10:134:26:134:26:134:51":17,"s:135:40:143:Infinity":34,"s:145:33:145:Infinity":35,"f:145:57:145:62":5,"s:145:68:145:72":36,"b:147:8:151:Infinity:undefined:undefined:undefined:undefined":18,"s:147:8:151:Infinity":37,"s:148:10:150:Infinity":38,"s:155:27:164:Infinity":39,"s:166:21:170:Infinity":40,"f:168:37:168:42":6,"s:168:48:168:53":41,"s:172:4:175:Infinity":42,"s:177:4:177:Infinity":43,"s:181:33:241:Infinity":44,"f:181:33:181:Infinity":7,"s:186:2:240:Infinity":45,"s:187:19:187:Infinity":46,"s:189:26:192:Infinity":47,"b:194:4:198:Infinity:undefined:undefined:undefined:undefined":19,"s:194:4:198:Infinity":48,"s:195:6:197:Infinity":49,"b:200:4:204:Infinity:undefined:undefined:undefined:undefined":20,"s:200:4:204:Infinity":50,"s:201:6:203:Infinity":51,"s:207:4:233:Infinity":52,"f:207:25:207:32":8,"s:209:6:213:Infinity":53,"s:216:8:218:Infinity":54,"b:217:12:217:Infinity:218:12:218:Infinity":21,"s:220:28:220:Infinity":55,"s:222:6:227:Infinity":56,"s:229:6:232:Infinity":57,"s:235:4:237:Infinity":58,"s:239:4:239:Infinity":59,"s:243:34:325:Infinity":60,"f:243:34:243:Infinity":9,"s:248:2:324:Infinity":61,"s:249:19:249:Infinity":62,"s:251:26:254:Infinity":63,"b:256:4:260:Infinity:undefined:undefined:undefined:undefined":22,"s:256:4:260:Infinity":64,"s:257:6:259:Infinity":65,"b:262:4:266:Infinity:undefined:undefined:undefined:undefined":23,"s:262:4:266:Infinity":66,"s:263:6:265:Infinity":67,"s:269:4:293:Infinity":68,"f:269:25:269:32":10,"s:271:6:275:Infinity":69,"s:278:8:280:Infinity":70,"b:279:12:279:Infinity:280:12:280:Infinity":24,"s:282:6:287:Infinity":71,"s:289:6:292:Infinity":72,"s:295:33:304:Infinity":73,"b:306:4:310:Infinity:undefined:undefined:undefined:undefined":25,"s:306:4:310:Infinity":74,"s:307:6:309:Infinity":75,"s:312:21:316:Infinity":76,"f:314:43:314:48":11,"s:314:55:314:61":77,"s:318:4:321:Infinity":78,"s:323:4:323:Infinity":79}}}
,"C:\\Users\\IRSHAD CH\\Ashif\\Projects\\ledgerflow-api\\src\\modules\\transactions\\transactions.route.ts": {"path":"C:\\Users\\IRSHAD CH\\Ashif\\Projects\\ledgerflow-api\\src\\modules\\transactions\\transactions.route.ts","statementMap":{"0":{"start":{"line":18,"column":6},"end":{"line":18,"column":null}},"1":{"start":{"line":20,"column":0},"end":{"line":26,"column":null}},"2":{"start":{"line":28,"column":0},"end":{"line":36,"column":null}},"3":{"start":{"line":38,"column":0},"end":{"line":44,"column":null}},"4":{"start":{"line":46,"column":0},"end":{"line":52,"column":null}}},"fnMap":{},"branchMap":{},"s":{"0":1,"1":1,"2":1,"3":1,"4":1},"f":{},"b":{},"meta":{"lastBranch":0,"lastFunction":0,"lastStatement":5,"seen":{"s:18:6:18:Infinity":0,"s:20:0:26:Infinity":1,"s:28:0:36:Infinity":2,"s:38:0:44:Infinity":3,"s:46:0:52:Infinity":4}}}
,"C:\\Users\\IRSHAD CH\\Ashif\\Projects\\ledgerflow-api\\src\\modules\\transactions\\transactions.schema.ts": {"path":"C:\\Users\\IRSHAD CH\\Ashif\\Projects\\ledgerflow-api\\src\\modules\\transactions\\transactions.schema.ts","statementMap":{"0":{"start":{"line":4,"column":40},"end":{"line":8,"column":null}},"1":{"start":{"line":7,"column":13},"end":{"line":7,"column":34}},"2":{"start":{"line":10,"column":37},"end":{"line":29,"column":null}}},"fnMap":{"0":{"name":"(anonymous_0)","decl":{"start":{"line":7,"column":5},"end":{"line":7,"column":13}},"loc":{"start":{"line":7,"column":13},"end":{"line":7,"column":34}},"line":7}},"branchMap":{},"s":{"0":1,"1":5,"2":1},"f":{"0":5},"b":{},"meta":{"lastBranch":0,"lastFunction":1,"lastStatement":3,"seen":{"s:4:40:8:Infinity":0,"f:7:5:7:13":0,"s:7:13:7:34":1,"s:10:37:29:Infinity":2}}}
,"C:\\Users\\IRSHAD CH\\Ashif\\Projects\\ledgerflow-api\\src\\modules\\users\\users.controller.ts": {"path":"C:\\Users\\IRSHAD CH\\Ashif\\Projects\\ledgerflow-api\\src\\modules\\users\\users.controller.ts","statementMap":{"0":{"start":{"line":9,"column":23},"end":{"line":39,"column":null}},"1":{"start":{"line":14,"column":2},"end":{"line":38,"column":null}},"2":{"start":{"line":15,"column":19},"end":{"line":24,"column":null}},"3":{"start":{"line":26,"column":4},"end":{"line":30,"column":null}},"4":{"start":{"line":27,"column":6},"end":{"line":29,"column":null}},"5":{"start":{"line":32,"column":4},"end":{"line":35,"column":null}},"6":{"start":{"line":37,"column":4},"end":{"line":37,"column":null}},"7":{"start":{"line":41,"column":26},"end":{"line":77,"column":null}},"8":{"start":{"line":46,"column":2},"end":{"line":76,"column":null}},"9":{"start":{"line":47,"column":31},"end":{"line":47,"column":null}},"10":{"start":{"line":49,"column":19},"end":{"line":62,"column":null}},"11":{"start":{"line":64,"column":4},"end":{"line":68,"column":null}},"12":{"start":{"line":65,"column":6},"end":{"line":67,"column":null}},"13":{"start":{"line":70,"column":4},"end":{"line":73,"column":null}},"14":{"start":{"line":75,"column":4},"end":{"line":75,"column":null}},"15":{"start":{"line":79,"column":30},"end":{"line":131,"column":null}},"16":{"start":{"line":84,"column":2},"end":{"line":130,"column":null}},"17":{"start":{"line":85,"column":41},"end":{"line":85,"column":null}},"18":{"start":{"line":87,"column":19},"end":{"line":90,"column":null}},"19":{"start":{"line":92,"column":4},"end":{"line":96,"column":null}},"20":{"start":{"line":93,"column":6},"end":{"line":95,"column":null}},"21":{"start":{"line":98,"column":29},"end":{"line":98,"column":null}},"22":{"start":{"line":100,"column":4},"end":{"line":110,"column":null}},"23":{"start":{"line":101,"column":6},"end":{"line":109,"column":null}},"24":{"start":{"line":112,"column":28},"end":{"line":112,"column":null}},"25":{"start":{"line":114,"column":4},"end":{"line":117,"column":null}},"26":{"start":{"line":119,"column":10},"end":{"line":119,"column":null}},"27":{"start":{"line":121,"column":4},"end":{"line":121,"column":null}},"28":{"start":{"line":123,"column":4},"end":{"line":123,"column":null}},"29":{"start":{"line":125,"column":4},"end":{"line":127,"column":null}},"30":{"start":{"line":129,"column":4},"end":{"line":129,"column":null}}},"fnMap":{"0":{"name":"(anonymous_0)","decl":{"start":{"line":9,"column":23},"end":{"line":9,"column":null}},"loc":{"start":{"line":13,"column":5},"end":{"line":39,"column":null}},"line":13},"1":{"name":"(anonymous_1)","decl":{"start":{"line":41,"column":26},"end":{"line":41,"column":null}},"loc":{"start":{"line":45,"column":5},"end":{"line":77,"column":null}},"line":45},"2":{"name":"(anonymous_2)","decl":{"start":{"line":79,"column":30},"end":{"line":79,"column":null}},"loc":{"start":{"line":83,"column":5},"end":{"line":131,"column":null}},"line":83}},"branchMap":{"0":{"loc":{"start":{"line":26,"column":4},"end":{"line":30,"column":null}},"type":"if","locations":[{"start":{"line":26,"column":4},"end":{"line":30,"column":null}},{"start":{},"end":{}}],"line":26},"1":{"loc":{"start":{"line":52,"column":12},"end":{"line":52,"column":null}},"type":"binary-expr","locations":[{"start":{"line":52,"column":12},"end":{"line":52,"column":38}},{"start":{"line":52,"column":38},"end":{"line":52,"column":null}}],"line":52},"2":{"loc":{"start":{"line":53,"column":12},"end":{"line":53,"column":null}},"type":"binary-expr","locations":[{"start":{"line":53,"column":12},"end":{"line":53,"column":34}},{"start":{"line":53,"column":34},"end":{"line":53,"column":null}}],"line":53},"3":{"loc":{"start":{"line":64,"column":4},"end":{"line":68,"column":null}},"type":"if","locations":[{"start":{"line":64,"column":4},"end":{"line":68,"column":null}},{"start":{},"end":{}}],"line":64},"4":{"loc":{"start":{"line":92,"column":4},"end":{"line":96,"column":null}},"type":"if","locations":[{"start":{"line":92,"column":4},"end":{"line":96,"column":null}},{"start":{},"end":{}}],"line":92},"5":{"loc":{"start":{"line":100,"column":4},"end":{"line":110,"column":null}},"type":"if","locations":[{"start":{"line":100,"column":4},"end":{"line":110,"column":null}},{"start":{},"end":{}}],"line":100}},"s":{"0":1,"1":1,"2":1,"3":1,"4":0,"5":1,"6":0,"7":1,"8":1,"9":1,"10":1,"11":1,"12":0,"13":1,"14":0,"15":1,"16":1,"17":1,"18":1,"19":1,"20":0,"21":1,"22":1,"23":0,"24":1,"25":1,"26":1,"27":1,"28":1,"29":1,"30":0},"f":{"0":1,"1":1,"2":1},"b":{"0":[0,1],"1":[1,1],"2":[1,1],"3":[0,1],"4":[0,1],"5":[0,1]},"meta":{"lastBranch":6,"lastFunction":3,"lastStatement":31,"seen":{"s:9:23:39:Infinity":0,"f:9:23:9:Infinity":0,"s:14:2:38:Infinity":1,"s:15:19:24:Infinity":2,"b:26:4:30:Infinity:undefined:undefined:undefined:undefined":0,"s:26:4:30:Infinity":3,"s:27:6:29:Infinity":4,"s:32:4:35:Infinity":5,"s:37:4:37:Infinity":6,"s:41:26:77:Infinity":7,"f:41:26:41:Infinity":1,"s:46:2:76:Infinity":8,"s:47:31:47:Infinity":9,"s:49:19:62:Infinity":10,"b:52:12:52:38:52:38:52:Infinity":1,"b:53:12:53:34:53:34:53:Infinity":2,"b:64:4:68:Infinity:undefined:undefined:undefined:undefined":3,"s:64:4:68:Infinity":11,"s:65:6:67:Infinity":12,"s:70:4:73:Infinity":13,"s:75:4:75:Infinity":14,"s:79:30:131:Infinity":15,"f:79:30:79:Infinity":2,"s:84:2:130:Infinity":16,"s:85:41:85:Infinity":17,"s:87:19:90:Infinity":18,"b:92:4:96:Infinity:undefined:undefined:undefined:undefined":4,"s:92:4:96:Infinity":19,"s:93:6:95:Infinity":20,"s:98:29:98:Infinity":21,"b:100:4:110:Infinity:undefined:undefined:undefined:undefined":5,"s:100:4:110:Infinity":22,"s:101:6:109:Infinity":23,"s:112:28:112:Infinity":24,"s:114:4:117:Infinity":25,"s:119:10:119:Infinity":26,"s:121:4:121:Infinity":27,"s:123:4:123:Infinity":28,"s:125:4:127:Infinity":29,"s:129:4:129:Infinity":30}}}
,"C:\\Users\\IRSHAD CH\\Ashif\\Projects\\ledgerflow-api\\src\\modules\\users\\users.route.ts": {"path":"C:\\Users\\IRSHAD CH\\Ashif\\Projects\\ledgerflow-api\\src\\modules\\users\\users.route.ts","statementMap":{"0":{"start":{"line":11,"column":6},"end":{"line":11,"column":null}},"1":{"start":{"line":14,"column":0},"end":{"line":14,"column":null}},"2":{"start":{"line":17,"column":0},"end":{"line":22,"column":null}},"3":{"start":{"line":25,"column":0},"end":{"line":30,"column":null}}},"fnMap":{},"branchMap":{},"s":{"0":1,"1":1,"2":1,"3":1},"f":{},"b":{},"meta":{"lastBranch":0,"lastFunction":0,"lastStatement":4,"seen":{"s:11:6:11:Infinity":0,"s:14:0:14:Infinity":1,"s:17:0:22:Infinity":2,"s:25:0:30:Infinity":3}}}
,"C:\\Users\\IRSHAD CH\\Ashif\\Projects\\ledgerflow-api\\src\\modules\\users\\users.schema.ts": {"path":"C:\\Users\\IRSHAD CH\\Ashif\\Projects\\ledgerflow-api\\src\\modules\\users\\users.schema.ts","statementMap":{"0":{"start":{"line":3,"column":40},"end":{"line":8,"column":null}},"1":{"start":{"line":10,"column":36},"end":{"line":24,"column":null}}},"fnMap":{},"branchMap":{},"s":{"0":1,"1":1},"f":{},"b":{},"meta":{"lastBranch":0,"lastFunction":0,"lastStatement":2,"seen":{"s:3:40:8:Infinity":0,"s:10:36:24:Infinity":1}}}
,"C:\\Users\\IRSHAD CH\\Ashif\\Projects\\ledgerflow-api\\src\\utils\\password.ts": {"path":"C:\\Users\\IRSHAD CH\\Ashif\\Projects\\ledgerflow-api\\src\\utils\\password.ts","statementMap":{"0":{"start":{"line":4,"column":28},"end":{"line":6,"column":null}},"1":{"start":{"line":5,"column":2},"end":{"line":5,"column":null}},"2":{"start":{"line":8,"column":31},"end":{"line":13,"column":null}},"3":{"start":{"line":12,"column":2},"end":{"line":12,"column":null}}},"fnMap":{"0":{"name":"(anonymous_0)","decl":{"start":{"line":4,"column":28},"end":{"line":4,"column":35}},"loc":{"start":{"line":4,"column":56},"end":{"line":6,"column":null}},"line":4},"1":{"name":"(anonymous_1)","decl":{"start":{"line":8,"column":31},"end":{"line":8,"column":null}},"loc":{"start":{"line":11,"column":5},"end":{"line":13,"column":null}},"line":11}},"branchMap":{},"s":{"0":1,"1":14,"2":1,"3":3},"f":{"0":14,"1":3},"b":{},"meta":{"lastBranch":0,"lastFunction":2,"lastStatement":4,"seen":{"s:4:28:6:Infinity":0,"f:4:28:4:35":0,"s:5:2:5:Infinity":1,"s:8:31:13:Infinity":2,"f:8:31:8:Infinity":1,"s:12:2:12:Infinity":3}}}
,"C:\\Users\\IRSHAD CH\\Ashif\\Projects\\ledgerflow-api\\tests\\setup\\dbHelpers.ts": {"path":"C:\\Users\\IRSHAD CH\\Ashif\\Projects\\ledgerflow-api\\tests\\setup\\dbHelpers.ts","statementMap":{"0":{"start":{"line":18,"column":30},"end":{"line":37,"column":null}},"1":{"start":{"line":19,"column":22},"end":{"line":25,"column":null}},"2":{"start":{"line":27,"column":25},"end":{"line":27,"column":null}},"3":{"start":{"line":28,"column":17},"end":{"line":34,"column":null}},"4":{"start":{"line":36,"column":2},"end":{"line":36,"column":null}},"5":{"start":{"line":39,"column":33},"end":{"line":53,"column":null}},"6":{"start":{"line":43,"column":22},"end":{"line":48,"column":null}},"7":{"start":{"line":50,"column":20},"end":{"line":50,"column":null}},"8":{"start":{"line":52,"column":2},"end":{"line":52,"column":null}},"9":{"start":{"line":55,"column":29},"end":{"line":68,"column":null}},"10":{"start":{"line":59,"column":22},"end":{"line":63,"column":null}},"11":{"start":{"line":65,"column":16},"end":{"line":65,"column":null}},"12":{"start":{"line":67,"column":2},"end":{"line":67,"column":null}},"13":{"start":{"line":70,"column":25},"end":{"line":76,"column":null}},"14":{"start":{"line":71,"column":2},"end":{"line":71,"column":null}},"15":{"start":{"line":72,"column":2},"end":{"line":72,"column":null}},"16":{"start":{"line":73,"column":2},"end":{"line":73,"column":null}},"17":{"start":{"line":74,"column":2},"end":{"line":74,"column":null}},"18":{"start":{"line":75,"column":2},"end":{"line":75,"column":null}}},"fnMap":{"0":{"name":"(anonymous_0)","decl":{"start":{"line":18,"column":30},"end":{"line":18,"column":37}},"loc":{"start":{"line":18,"column":73},"end":{"line":37,"column":null}},"line":18},"1":{"name":"(anonymous_1)","decl":{"start":{"line":39,"column":33},"end":{"line":39,"column":null}},"loc":{"start":{"line":42,"column":5},"end":{"line":53,"column":null}},"line":42},"2":{"name":"(anonymous_2)","decl":{"start":{"line":55,"column":29},"end":{"line":55,"column":null}},"loc":{"start":{"line":58,"column":5},"end":{"line":68,"column":null}},"line":58},"3":{"name":"(anonymous_3)","decl":{"start":{"line":70,"column":25},"end":{"line":70,"column":37}},"loc":{"start":{"line":70,"column":37},"end":{"line":76,"column":null}},"line":70}},"branchMap":{"0":{"loc":{"start":{"line":18,"column":37},"end":{"line":18,"column":73}},"type":"default-arg","locations":[{"start":{"line":18,"column":66},"end":{"line":18,"column":73}}],"line":18},"1":{"loc":{"start":{"line":41,"column":2},"end":{"line":41,"column":null}},"type":"default-arg","locations":[{"start":{"line":41,"column":37},"end":{"line":41,"column":null}}],"line":41},"2":{"loc":{"start":{"line":57,"column":2},"end":{"line":57,"column":null}},"type":"default-arg","locations":[{"start":{"line":57,"column":29},"end":{"line":57,"column":null}}],"line":57}},"s":{"0":1,"1":6,"2":6,"3":6,"4":6,"5":1,"6":0,"7":0,"8":0,"9":1,"10":0,"11":0,"12":0,"13":1,"14":15,"15":15,"16":15,"17":15,"18":15},"f":{"0":6,"1":0,"2":0,"3":15},"b":{"0":[6],"1":[0],"2":[0]},"meta":{"lastBranch":3,"lastFunction":4,"lastStatement":19,"seen":{"s:18:30:37:Infinity":0,"f:18:30:18:37":0,"b:18:66:18:73":0,"s:19:22:25:Infinity":1,"s:27:25:27:Infinity":2,"s:28:17:34:Infinity":3,"s:36:2:36:Infinity":4,"s:39:33:53:Infinity":5,"f:39:33:39:Infinity":1,"b:41:37:41:Infinity":1,"s:43:22:48:Infinity":6,"s:50:20:50:Infinity":7,"s:52:2:52:Infinity":8,"s:55:29:68:Infinity":9,"f:55:29:55:Infinity":2,"b:57:29:57:Infinity":2,"s:59:22:63:Infinity":10,"s:65:16:65:Infinity":11,"s:67:2:67:Infinity":12,"s:70:25:76:Infinity":13,"f:70:25:70:37":3,"s:71:2:71:Infinity":14,"s:72:2:72:Infinity":15,"s:73:2:73:Infinity":16,"s:74:2:74:Infinity":17,"s:75:2:75:Infinity":18}}}
}
